Attempts: 1 - Request URL: imagostructures.com/en/produits/tentagone-2/tentagone_1-2/
Attempts: 2 - Request URL: imagostructures.com/en/produits/xo4-tent/dsc_5596-2/
Attempts: 3 - Request URL: imagostructures.com/en/produits/tentagone-2/tentagone2-2/
Attempts: 4 - Request URL: imagostructures.com/en/voile3-1-2/
Attempts: 5 - Request URL: imagostructures.com/en/produits/tent-glamp/glamp24-3-2/
Attempts: 6 - Request URL: imagostructures.com/en/yourte-de-luxe-vue-1-2-2/
Attempts: 7 - Request URL: imagostructures.com/en/produits/roof-tent/tentedetoit4-3-2/
Attempts: 8 - Request URL: imagostructures.com/en/produits/xo4-tent/dsc_5592-2/
Attempts: 9 - Request URL: imagostructures.com/en/yourte-2-2/
Attempts: 10 - Request URL: imagostructures.com/en/produits/delivery-starting/yourte-3-2/
Attempts: 11 - Request URL: imagostructures.com/en/produits/28-yurt/yourte28-3-3-2/
Attempts: 12 - Request URL: imagostructures.com/en/produits/wood-stove/poele-2/
Attempts: 13 - Request URL: imagostructures.com/en/yourte-1-2/
Attempts: 14 - Request URL: imagostructures.com/en/produits/tiny-yurt/1-3-2/
Attempts: 15 - Request URL: imagostructures.com/en/voile1-2/
Attempts: 16 - Request URL: imagostructures.com/en/voile2-3-2/
Attempts: 17 - Request URL: imagostructures.com/en/produits/roof-tent/tentedetoit4-2-2-2/
Attempts: 18 - Request URL: imagostructures.com/en/produits/xo4-tent/dsc_5551-2/
Attempts: 19 - Request URL: imagostructures.com/en/produits/roof-tent/tentedetoit4-5-2/
Attempts: 20 - Request URL: imagostructures.com/en/yourte-de-luxe-vue-2-2/
Attempts: 21 - Request URL: imagostructures.com/en/produits/page/2/
Attempts: 22 - Request URL: imagostructures.com/en/voile3-8-2/
