Attempts: 1 - Request URL: imagostructures.com/produits/tente-xo4/dsc_5618/
Attempts: 2 - Request URL: imagostructures.com/produits/yourte-28/image-3/
Attempts: 3 - Request URL: imagostructures.com/produits/yourte-28/yourte28-1/
Attempts: 4 - Request URL: imagostructures.com/produits/voile-dombre-sur-mesure/voile3-8/
Attempts: 5 - Request URL: imagostructures.com/en/produits/tent-glamp/glamp11-2/
Attempts: 6 - Request URL: imagostructures.com/en/yourte10-2/
Attempts: 7 - Request URL: imagostructures.com/produits/yourte-28/yourte28-4-2/
Attempts: 8 - Request URL: imagostructures.com/produits/voiles-dombre-residentiels/voile-dombre-10x12-rectangle/
Attempts: 9 - Request URL: imagostructures.com/produits/yourte-24/img_20141214_144140/
Attempts: 10 - Request URL: imagostructures.com/produits/yourte-24/img_20141214_144037/
Attempts: 11 - Request URL: imagostructures.com/temoignage1/
Attempts: 12 - Request URL: imagostructures.com/produits/voile-dombre-sur-mesure/voile3-7/
Attempts: 13 - Request URL: imagostructures.com/produits/voile-dombre-sur-mesure/voile2-3/
Attempts: 14 - Request URL: imagostructures.com/en/achievements/yourte8-3/
Attempts: 15 - Request URL: imagostructures.com/en/produits/sail-shade-custom/
Attempts: 16 - Request URL: imagostructures.com/produits/voile-parc-aquatique/shadesail-soltis-92-5/
Attempts: 17 - Request URL: imagostructures.com/produits/tente-xc-aventure/tentedetoit4-3/
Attempts: 18 - Request URL: imagostructures.com/diapo3-1/
Attempts: 19 - Request URL: imagostructures.com/produits/tente-xc-aventure/tentedetoit4-2-2/
Attempts: 20 - Request URL: imagostructures.com/diapo2/
Attempts: 21 - Request URL: imagostructures.com/richard-bernier/
Attempts: 22 - Request URL: imagostructures.com/produits/livraison/yourte4/
Attempts: 23 - Request URL: imagostructures.com/dimensions/
Attempts: 24 - Request URL: imagostructures.com/produits/yourte-28/yourte28-3-3/
Attempts: 25 - Request URL: imagostructures.com/clientele-cible/
Attempts: 26 - Request URL: imagostructures.com/produits/tiny-yourte/img_5161/
Attempts: 27 - Request URL: imagostructures.com/produits/yourte-24/img_20141214_144411/
Attempts: 28 - Request URL: imagostructures.com/en/produits/16-ft-yurt-2/
Attempts: 29 - Request URL: imagostructures.com/produits/tiny-yourte/img_5158/
Attempts: 30 - Request URL: imagostructures.com/penelope-5-ans/
Attempts: 31 - Request URL: imagostructures.com/produits/voile-dombre-sur-mesure/voile3-1/
Attempts: 32 - Request URL: imagostructures.com/en/6395282311_4feb4b8407-2/
Attempts: 33 - Request URL: imagostructures.com/jessica-nadon/
Attempts: 34 - Request URL: imagostructures.com/produits/tente-glamp/glamp24-3/
Attempts: 35 - Request URL: imagostructures.com/produits/voiles-dombre-residentiels/voile-dombre-12x12-triangle/
Attempts: 36 - Request URL: imagostructures.com/en/yourteautomne-2/
Attempts: 37 - Request URL: imagostructures.com/produits/tiny-yourte/yourte13/
Attempts: 38 - Request URL: imagostructures.com/yourte-16-pieds/
Attempts: 39 - Request URL: imagostructures.com/produits/yourte-28/yourte28-2-3/
Attempts: 40 - Request URL: imagostructures.com/produits/tente-xo8/tente-2-toile-2/
Attempts: 41 - Request URL: imagostructures.com/produits/voile-dombre-sur-mesure/voile3-5/
Attempts: 42 - Request URL: imagostructures.com/produits/tentagone/tentagone-3/
Attempts: 43 - Request URL: imagostructures.com/produits/livraison/livraison-2/
Attempts: 44 - Request URL: imagostructures.com/produits/tiny-yourte/attachment/5/
Attempts: 45 - Request URL: imagostructures.com/produits/tentagone/tentagone2/
