Attempts: 1 - Request URL: imagostructures.com/en/produits/16-ft-yurt-2/image1-1-1-2/
Attempts: 2 - Request URL: imagostructures.com/en/dsc_2689-2/
Attempts: 3 - Request URL: imagostructures.com/en/produits/24-yurt/dscn1990/
Attempts: 4 - Request URL: imagostructures.com/produits/tentocto/2015-01-08-3/
Attempts: 5 - Request URL: imagostructures.com/en/produits/28-yurt/yourte28-4/
Attempts: 6 - Request URL: imagostructures.com/en/44811_369862926465361_1982858257_n-2/
Attempts: 7 - Request URL: imagostructures.com/en/produits/24-yurt/img_20141214_144154-2/
Attempts: 8 - Request URL: imagostructures.com/guide-dinstallation-de-la-yourte/etirer-le-mur-2/
Attempts: 9 - Request URL: imagostructures.com/produits/tente-xc-aventure/tentedetoit4/
Attempts: 10 - Request URL: imagostructures.com/en/voile2-2/
Attempts: 11 - Request URL: imagostructures.com/realisations/yourte8/
Attempts: 12 - Request URL: imagostructures.com/en/porte-2/
Attempts: 13 - Request URL: imagostructures.com/realisations/yourte-a-vendre-8/
Attempts: 14 - Request URL: imagostructures.com/en/produits/24-yurt/img_20141214_144140-2/
Attempts: 15 - Request URL: imagostructures.com/en/produits/16-ft-yurt-2/g2-2/
Attempts: 16 - Request URL: imagostructures.com/en/produits/24-yurt/img_20141214_144037-2/
Attempts: 17 - Request URL: imagostructures.com/en/produits/24-yurt/img_20141214_144411-2/
Attempts: 18 - Request URL: imagostructures.com/en/547837_369862786465375_1240829144_n-2/
Attempts: 19 - Request URL: imagostructures.com/en/produits/16-ft-yurt-2/g4-2/
Attempts: 20 - Request URL: imagostructures.com/en/produits/16-ft-yurt-2/yourte16-2/
Attempts: 21 - Request URL: imagostructures.com/en/promotion/yourte16p-2/
Attempts: 22 - Request URL: imagostructures.com/en/produits/16-ft-yurt-2/iv9-2/
Attempts: 23 - Request URL: imagostructures.com/produits/yourte-28/yourte28-2/
Attempts: 24 - Request URL: imagostructures.com/lequipe/
Attempts: 25 - Request URL: imagostructures.com/en/produits/chimney-set/kit-2/
Attempts: 26 - Request URL: imagostructures.com/6395282311_4feb4b8407/
Attempts: 27 - Request URL: imagostructures.com/en/yourte-16-pieds-3/
Attempts: 28 - Request URL: imagostructures.com/produits/tente-glamp/glamp12/
Attempts: 29 - Request URL: imagostructures.com/en/produits/24-yurt/img_20141214_144059-2/
Attempts: 30 - Request URL: imagostructures.com/produits/tente-glamp/glamp21/
Attempts: 31 - Request URL: imagostructures.com/en/produits/24-yurt/dscn2180/
Attempts: 32 - Request URL: imagostructures.com/en/produits/24-yurt/img_20141214_144059-1-2/
Attempts: 33 - Request URL: imagostructures.com/en/produits/16-ft-yurt-2/image1-2-2/
Attempts: 34 - Request URL: imagostructures.com/en/produits/24-yurt/dscn2190/
