Attempts: 1 - Request URL: imagostructures.com/wp-content/uploads/2016/11/mission_1-300x254.png
Attempts: 1 - Request URL: imagostructures.com/wp-content/uploads/2016/11/mission_3-191x300.png
Attempts: 1 - Request URL: imagostructures.com/wp-content/uploads/2016/11/s3_green-300x290.png
Attempts: 1 - Request URL: imagostructures.com/wp-content/uploads/2016/11/mission_2-300x245.png
Attempts: 1 - Request URL: imagostructures.com/wp-content/uploads/2016/11/history_1-150x150.png
Attempts: 1 - Request URL: imagostructures.com/wp-content/uploads/2016/11/history_2-300x297.png
Attempts: 1 - Request URL: imagostructures.com/wp-content/uploads/2016/11/history_3-300x297.png
Attempts: 1 - Request URL: imagostructures.com/wp-content/uploads/2016/09/yurts-square-300x300.jpg
Attempts: 1 - Request URL: imagostructures.com/wp-content/uploads/2016/11/front_b_4x1920-300x199.jpg
Attempts: 1 - Request URL: imagostructures.com/wp-content/uploads/2016/11/front_req_1x1920-300x200.jpg
Attempts: 1 - Request URL: imagostructures.com/wp-content/uploads/2016/11/lady_1x1920-300x200.jpg
Attempts: 1 - Request URL: imagostructures.com/wp-content/uploads/2016/11/inside_2x1920-300x300.jpg
Attempts: 1 - Request URL: imagostructures.com/wp-content/uploads/2016/11/mission_1-300x254.png
Attempts: 1 - Request URL: imagostructures.com/wp-content/uploads/2016/11/history_1-150x150.png
Attempts: 1 - Request URL: imagostructures.com/wp-content/uploads/2016/11/mission_2-300x245.png
Attempts: 1 - Request URL: imagostructures.com/wp-content/uploads/2016/11/s3_green-300x290.png
Attempts: 1 - Request URL: imagostructures.com/wp-content/uploads/2016/11/mission_3-191x300.png
Attempts: 1 - Request URL: imagostructures.com/wp-content/uploads/2016/11/history_2-300x297.png
Attempts: 1 - Request URL: imagostructures.com/wp-content/uploads/2016/09/yurts-square-300x300.jpg
Attempts: 1 - Request URL: imagostructures.com/wp-content/uploads/2016/11/front_b_4x1920-300x199.jpg
Attempts: 1 - Request URL: imagostructures.com/wp-content/uploads/2016/11/front_req_1x1920-300x200.jpg
Attempts: 1 - Request URL: imagostructures.com/wp-content/uploads/2016/11/history_3-300x297.png
Attempts: 1 - Request URL: imagostructures.com/wp-content/uploads/2016/11/lady_1x1920-300x200.jpg
Attempts: 1 - Request URL: imagostructures.com/wp-content/uploads/2016/11/inside_2x1920-300x300.jpg
Attempts: 1 - Request URL: imagostructures.com/wp-content/uploads/2016/11/mission_2-300x245.png
Attempts: 1 - Request URL: imagostructures.com/wp-content/uploads/2016/11/mission_3-191x300.png
Attempts: 1 - Request URL: imagostructures.com/wp-content/uploads/2016/11/mission_1-300x254.png
Attempts: 1 - Request URL: imagostructures.com/wp-content/uploads/2016/11/history_1-150x150.png
Attempts: 1 - Request URL: imagostructures.com/wp-content/uploads/2016/11/s3_green-300x290.png
Attempts: 1 - Request URL: imagostructures.com/wp-content/uploads/2016/11/history_2-300x297.png
Attempts: 1 - Request URL: imagostructures.com/wp-content/uploads/2016/11/history_3-300x297.png
Attempts: 1 - Request URL: imagostructures.com/wp-content/uploads/2016/09/yurts-square-300x300.jpg
Attempts: 1 - Request URL: imagostructures.com/wp-content/uploads/2016/11/front_b_4x1920-300x199.jpg
Attempts: 1 - Request URL: imagostructures.com/wp-content/uploads/2016/11/lady_1x1920-300x200.jpg
Attempts: 1 - Request URL: imagostructures.com/wp-content/uploads/2016/11/front_req_1x1920-300x200.jpg
Attempts: 1 - Request URL: imagostructures.com/wp-content/uploads/2016/11/inside_2x1920-300x300.jpg
Attempts: 1 - Request URL: imagostructures.com/wp-content/uploads/2016/11/mission_2-300x245.png
Attempts: 1 - Request URL: imagostructures.com/wp-content/uploads/2016/11/s3_green-300x290.png
Attempts: 1 - Request URL: imagostructures.com/wp-content/uploads/2016/11/mission_3-191x300.png
Attempts: 1 - Request URL: imagostructures.com/wp-content/uploads/2016/11/history_1-150x150.png
Attempts: 1 - Request URL: imagostructures.com/wp-content/uploads/2016/11/mission_1-300x254.png
Attempts: 1 - Request URL: imagostructures.com/wp-content/uploads/2016/11/history_2-300x297.png
Attempts: 1 - Request URL: imagostructures.com/wp-content/uploads/2016/11/history_3-300x297.png
Attempts: 1 - Request URL: imagostructures.com/wp-content/uploads/2016/11/front_req_1x1920-300x200.jpg
Attempts: 1 - Request URL: imagostructures.com/wp-content/uploads/2016/11/front_b_4x1920-300x199.jpg
Attempts: 1 - Request URL: imagostructures.com/wp-content/uploads/2016/09/yurts-square-300x300.jpg
Attempts: 1 - Request URL: imagostructures.com/wp-content/uploads/2016/11/inside_2x1920-300x300.jpg
Attempts: 1 - Request URL: imagostructures.com/wp-content/uploads/2016/11/lady_1x1920-300x200.jpg
Attempts: 1 - Request URL: imagostructures.com/wp-content/uploads/2016/11/mission_1-300x254.png
Attempts: 1 - Request URL: imagostructures.com/wp-content/uploads/2016/11/mission_2-300x245.png
Attempts: 1 - Request URL: imagostructures.com/wp-content/uploads/2016/11/s3_green-300x290.png
Attempts: 1 - Request URL: imagostructures.com/wp-content/uploads/2016/11/mission_3-191x300.png
Attempts: 1 - Request URL: imagostructures.com/wp-content/uploads/2016/11/history_2-300x297.png
Attempts: 1 - Request URL: imagostructures.com/wp-content/uploads/2016/11/history_1-150x150.png
Attempts: 1 - Request URL: imagostructures.com/wp-content/uploads/2016/11/history_3-300x297.png
Attempts: 1 - Request URL: imagostructures.com/wp-content/uploads/2016/09/yurts-square-300x300.jpg
Attempts: 1 - Request URL: imagostructures.com/wp-content/uploads/2016/11/front_b_4x1920-300x199.jpg
Attempts: 1 - Request URL: imagostructures.com/wp-content/uploads/2016/11/lady_1x1920-300x200.jpg
Attempts: 1 - Request URL: imagostructures.com/wp-content/uploads/2016/11/inside_2x1920-300x300.jpg
Attempts: 1 - Request URL: imagostructures.com/wp-content/uploads/2016/11/front_req_1x1920-300x200.jpg
Attempts: 1 - Request URL: imagostructures.com/wp-content/uploads/2016/11/mission_1-300x254.png
Attempts: 1 - Request URL: imagostructures.com/wp-content/uploads/2016/11/mission_2-300x245.png
Attempts: 1 - Request URL: imagostructures.com/wp-content/uploads/2016/11/mission_3-191x300.png
Attempts: 1 - Request URL: imagostructures.com/wp-content/uploads/2016/11/history_1-150x150.png
Attempts: 1 - Request URL: imagostructures.com/wp-content/uploads/2016/11/history_2-300x297.png
Attempts: 1 - Request URL: imagostructures.com/wp-content/uploads/2016/11/s3_green-300x290.png
Attempts: 1 - Request URL: imagostructures.com/wp-content/uploads/2016/11/history_3-300x297.png
Attempts: 1 - Request URL: imagostructures.com/wp-content/uploads/2016/09/yurts-square-300x300.jpg
Attempts: 1 - Request URL: imagostructures.com/wp-content/uploads/2016/11/front_req_1x1920-300x200.jpg
Attempts: 1 - Request URL: imagostructures.com/wp-content/uploads/2016/11/lady_1x1920-300x200.jpg
Attempts: 1 - Request URL: imagostructures.com/wp-content/uploads/2016/11/front_b_4x1920-300x199.jpg
Attempts: 1 - Request URL: imagostructures.com/wp-content/uploads/2016/11/inside_2x1920-300x300.jpg
