Attempts: 1 - Request URL: imagostructures.com/produits/tente-xo4/dsc_5618/
Attempts: 2 - Request URL: imagostructures.com/produits/accessoire-1/poele/
Attempts: 3 - Request URL: imagostructures.com/produits/poele-pour-yourte/rengency/
Attempts: 4 - Request URL: imagostructures.com/produits/yourte-28/image-3/
Attempts: 5 - Request URL: imagostructures.com/produits/yourte-28/yourte28-1/
Attempts: 6 - Request URL: imagostructures.com/produits/voile-dombre-sur-mesure/voile3-8/
Attempts: 7 - Request URL: imagostructures.com/produits/tente-xo4/dsc_5558/
Attempts: 8 - Request URL: imagostructures.com/produits/yourte-20/photo-4/
Attempts: 9 - Request URL: imagostructures.com/produits/tente-xc-aventure/tentedetoit4-4/
Attempts: 10 - Request URL: imagostructures.com/en/produits/24-yurt/
Attempts: 11 - Request URL: imagostructures.com/en/yourte10-2/
Attempts: 12 - Request URL: imagostructures.com/produits/tente-xo4/dsc_5596/
Attempts: 13 - Request URL: imagostructures.com/yourte/demo20/
Attempts: 14 - Request URL: imagostructures.com/produits/tiny-yourte/1-3/
Attempts: 15 - Request URL: imagostructures.com/produits/voile-dombre-sur-mesure/voile3-3/
Attempts: 16 - Request URL: imagostructures.com/produits/tente-glamp/glamp22-4/
Attempts: 17 - Request URL: imagostructures.com/produits/yourte-28/yourte28-4-2/
Attempts: 18 - Request URL: imagostructures.com/produits/tente-xo4/dsc_5580/
Attempts: 19 - Request URL: imagostructures.com/produits/voiles-dombre-residentiels/voile-dombre-10x12-rectangle/
Attempts: 20 - Request URL: imagostructures.com/produits/yourte-32/img_1720/
Attempts: 21 - Request URL: imagostructures.com/produits/yourte-32/yourte-de-luxe-vue-3-2/
Attempts: 22 - Request URL: imagostructures.com/produits/voile-dombre-sur-mesure/voile3-7/
Attempts: 23 - Request URL: imagostructures.com/produits/voile-dombre-sur-mesure/voile2-3/
Attempts: 24 - Request URL: imagostructures.com/en/achievements/yourte8-3/
Attempts: 25 - Request URL: imagostructures.com/en/produits/sail-shade-custom/
Attempts: 26 - Request URL: imagostructures.com/produits/voile-parc-aquatique/shadesail-soltis-92-5/
Attempts: 27 - Request URL: imagostructures.com/produits/yourte-20/alfred2/
Attempts: 28 - Request URL: imagostructures.com/produits/tente-xc-aventure/tentedetoit4-3/
Attempts: 29 - Request URL: imagostructures.com/produits/voiles-dombre-residentiels/voile-dombre-10x12-triangle/
Attempts: 30 - Request URL: imagostructures.com/produits/yourte-20/photo-3-1/
Attempts: 31 - Request URL: imagostructures.com/diapo3-1/
Attempts: 32 - Request URL: imagostructures.com/produits/tente-xc-aventure/tentedetoit4-2-2/
Attempts: 33 - Request URL: imagostructures.com/diapo2/
Attempts: 34 - Request URL: imagostructures.com/produits/voile-dombre-sur-mesure/voile3-2/
Attempts: 35 - Request URL: imagostructures.com/richard-bernier/
Attempts: 36 - Request URL: imagostructures.com/produits/livraison/yourte4/
Attempts: 37 - Request URL: imagostructures.com/produits/yourte-28/yourte28-3-3/
Attempts: 38 - Request URL: imagostructures.com/produits/voiles-dombre-residentiels/voile-dombre-12x12-carre/
Attempts: 39 - Request URL: imagostructures.com/produits/tiny-yourte/img_5161/
Attempts: 40 - Request URL: imagostructures.com/produits/kit-dinstallation/shade_sail_he_4_/
Attempts: 41 - Request URL: imagostructures.com/produits/voile-dombre-sur-mesure/voile1/
Attempts: 42 - Request URL: imagostructures.com/yourte-de-luxe-vue-2/
Attempts: 43 - Request URL: imagostructures.com/yourte-zoo/
Attempts: 44 - Request URL: imagostructures.com/produits/voile-dombre-sur-mesure/voile3-6/
Attempts: 45 - Request URL: imagostructures.com/produits/tiny-yourte/petephotographie-yourte_modif/
Attempts: 46 - Request URL: imagostructures.com/produits/tiny-yourte/img_5158/
Attempts: 47 - Request URL: imagostructures.com/penelope-5-ans/
Attempts: 48 - Request URL: imagostructures.com/produits/voiles-dombre-residentiels/voile-dombre-10x10-carre/
Attempts: 49 - Request URL: imagostructures.com/produits/voile-dombre-sur-mesure/voile3-1/
Attempts: 50 - Request URL: imagostructures.com/produits/tente-xo4/dsc_5551/
Attempts: 51 - Request URL: imagostructures.com/en/6395282311_4feb4b8407-2/
Attempts: 52 - Request URL: imagostructures.com/produits/installation/etirer-le-mur/
Attempts: 53 - Request URL: imagostructures.com/produits/tente-glamp/glamp23-3/
Attempts: 54 - Request URL: imagostructures.com/jessica-nadon/
Attempts: 55 - Request URL: imagostructures.com/produits/livraison/yourte-3/
Attempts: 56 - Request URL: imagostructures.com/produits/tente-glamp/glamp24-3/
Attempts: 57 - Request URL: imagostructures.com/produits/yourte-32/photo276/
Attempts: 58 - Request URL: imagostructures.com/produits/voiles-dombre-residentiels/voile-dombre-12x12-triangle/
Attempts: 59 - Request URL: imagostructures.com/produits/yourte-20/photo-5/
Attempts: 60 - Request URL: imagostructures.com/en/yourteautomne-2/
Attempts: 61 - Request URL: imagostructures.com/produits/tiny-yourte/yourte13/
Attempts: 62 - Request URL: imagostructures.com/produits/yourte-28/yourte28-2-3/
Attempts: 63 - Request URL: imagostructures.com/realisations/yourt1/
Attempts: 64 - Request URL: imagostructures.com/produits/yourte-20/img_20150803_125416/
Attempts: 65 - Request URL: imagostructures.com/produits/tente-xo8/tente-2-toile-2/
Attempts: 66 - Request URL: imagostructures.com/produits/voile-dombre-sur-mesure/voile3-5/
Attempts: 67 - Request URL: imagostructures.com/produits/tentagone/tentagone-3/
Attempts: 68 - Request URL: imagostructures.com/produits/tente-prospecteur/tente-prospecteur/
Attempts: 69 - Request URL: imagostructures.com/produits/livraison/livraison-2/
Attempts: 70 - Request URL: imagostructures.com/produits/tiny-yourte/attachment/5/
Attempts: 71 - Request URL: imagostructures.com/produits/yourte-20/unnamed-2-2/
Attempts: 72 - Request URL: imagostructures.com/produits/tente-xc-aventure/tentedetoit4-1/
Attempts: 73 - Request URL: imagostructures.com/produits/tentagone/tentagone2/
Attempts: 74 - Request URL: imagostructures.com/produits/voiles-dombre-residentiels/voile-dombre-10x10-triangle/
Attempts: 75 - Request URL: imagostructures.com/produits/tente-glamp/glamp11/
Attempts: 76 - Request URL: imagostructures.com/yourte-de-luxe-vue-1-2/
Attempts: 77 - Request URL: imagostructures.com/produits/yourte-20/img_0904/
Attempts: 78 - Request URL: imagostructures.com/en/produits/shade-sails-for-parks/
Attempts: 79 - Request URL: imagostructures.com/produits/yourte-20/photo-2-1/
Attempts: 80 - Request URL: imagostructures.com/produits/tiny-yourte/attachment/2/
Attempts: 81 - Request URL: imagostructures.com/produits/tente-xo4/dsc_5592/
Attempts: 82 - Request URL: imagostructures.com/produits/tente-glamp/glamp22/
Attempts: 83 - Request URL: imagostructures.com/produits/tente-xc-aventure/tentedetoit4-5/
Attempts: 84 - Request URL: imagostructures.com/en/produits/
Attempts: 85 - Request URL: imagostructures.com/produits/page/2/
Attempts: 86 - Request URL: imagostructures.com/produits/tente-xo4/dsc_5574/
Attempts: 87 - Request URL: imagostructures.com/produits/yourte-28/yourte28-5/
Attempts: 88 - Request URL: imagostructures.com/produits/tentagone/tentagone_1/
Attempts: 89 - Request URL: imagostructures.com/produits/yourte-24/sentier-les-murailles/
