Attempts: 1 - Request URL: imagostructures.com/2017/
Attempts: 2 - Request URL: imagostructures.com/2017/01/
Attempts: 3 - Request URL: imagostructures.com/demandez-une-soumission/
Attempts: 4 - Request URL: imagostructures.com/en/2015/
Attempts: 5 - Request URL: imagostructures.com/en/2015/06/
Attempts: 6 - Request URL: imagostructures.com/en/2015/04/
Attempts: 7 - Request URL: imagostructures.com/en/2015/03/
Attempts: 8 - Request URL: imagostructures.com/en/2015/02/
Attempts: 9 - Request URL: imagostructures.com/en/2015/01/
Attempts: 10 - Request URL: imagostructures.com/en/2014/
Attempts: 11 - Request URL: imagostructures.com/en/2014/11/
Attempts: 12 - Request URL: imagostructures.com/en/2014/08/
Attempts: 13 - Request URL: imagostructures.com/en/2014/06/
Attempts: 14 - Request URL: imagostructures.com/en/2014/05/
Attempts: 15 - Request URL: imagostructures.com/en/2014/04/
Attempts: 16 - Request URL: imagostructures.com/en/2014/03/
Attempts: 17 - Request URL: imagostructures.com/en/2014/02/
Attempts: 18 - Request URL: imagostructures.com/en/2014/01/
Attempts: 19 - Request URL: imagostructures.com/en/2013/
Attempts: 20 - Request URL: imagostructures.com/en/2013/09/
Attempts: 21 - Request URL: imagostructures.com/en/2013/08/
Attempts: 22 - Request URL: imagostructures.com/en/2013/06/
Attempts: 23 - Request URL: imagostructures.com/en/2013/05/
Attempts: 24 - Request URL: imagostructures.com/en/2013/04/
Attempts: 25 - Request URL: imagostructures.com/en/2013/03/
Attempts: 26 - Request URL: imagostructures.com/en/2013/02/
Attempts: 27 - Request URL: imagostructures.com/en/2013/01/
Attempts: 28 - Request URL: imagostructures.com/en/2012/
Attempts: 29 - Request URL: imagostructures.com/en/2012/11/
Attempts: 30 - Request URL: imagostructures.com/en/2012/02/
