Attempts: 1 - Request URL: imagostructures.com/10074/
Attempts: 2 - Request URL: imagostructures.com/en/produits/28-yurt/
Attempts: 3 - Request URL: imagostructures.com/en/produits/installation-kit/
Attempts: 4 - Request URL: imagostructures.com/produits/voile-dombre-sur-mesure/
Attempts: 5 - Request URL: imagostructures.com/en/produits/chimney-set/
Attempts: 6 - Request URL: imagostructures.com/produits/plan-damenagement/
Attempts: 7 - Request URL: imagostructures.com/en/produits/roof-tent/
Attempts: 8 - Request URL: imagostructures.com/produits/livraison/
Attempts: 9 - Request URL: imagostructures.com/en/produits/32-yurt/
Attempts: 10 - Request URL: imagostructures.com/produits/tiny-yourte/
Attempts: 11 - Request URL: imagostructures.com/en/produits/tent-glamp/
Attempts: 12 - Request URL: imagostructures.com/en/produits/installation-en/
Attempts: 13 - Request URL: imagostructures.com/en/home/
Attempts: 14 - Request URL: imagostructures.com/en/produits/20-ft-yurt/
Attempts: 15 - Request URL: imagostructures.com/en/produits/xo8-tent-2/
Attempts: 16 - Request URL: imagostructures.com/produits/tente-xo8/
Attempts: 17 - Request URL: imagostructures.com/produits/installation/
Attempts: 18 - Request URL: imagostructures.com/produits/tentagone/
Attempts: 19 - Request URL: imagostructures.com/produits/kit-dinstallation/
Attempts: 20 - Request URL: imagostructures.com/produits/yourte-24/dscn2180-2/
