Attempts: 1 - Request URL: imagostructures.com/en/etirer-le-mur-2-2/
Attempts: 2 - Request URL: imagostructures.com/produits/ensemble-de-cheminees/kit/
Attempts: 3 - Request URL: imagostructures.com/en/photo11-2/
Attempts: 4 - Request URL: imagostructures.com/en/produits/tent-glamp/glamp22-4-2/
Attempts: 5 - Request URL: imagostructures.com/en/produits/28-yurt/yourte28-2-2/
Attempts: 6 - Request URL: imagostructures.com/en/produits/tent-glamp/glamp11-2/
Attempts: 7 - Request URL: imagostructures.com/produits/yourte-24/alfredoscar3/
Attempts: 8 - Request URL: imagostructures.com/promotion/yourte16p/
Attempts: 9 - Request URL: imagostructures.com/avantages-de-la-yourte/
Attempts: 10 - Request URL: imagostructures.com/en/produits/tent-glamp/glamp25-2/
Attempts: 11 - Request URL: imagostructures.com/en/produits/20-ft-yurt/photo-5-2/
Attempts: 12 - Request URL: imagostructures.com/en/produits/tent-glamp/glamp23-3-2/
Attempts: 13 - Request URL: imagostructures.com/reinventer-lhabitat/
Attempts: 14 - Request URL: imagostructures.com/en/produits/tiny-yurt/img_5158-2/
Attempts: 15 - Request URL: imagostructures.com/en/produits/20-ft-yurt/photo-3-1-2/
Attempts: 16 - Request URL: imagostructures.com/en/produits/stove-yurt/rengency-2/
Attempts: 17 - Request URL: imagostructures.com/lassemblage/
Attempts: 18 - Request URL: imagostructures.com/produits/yourte-24/img_20141214_144140/
Attempts: 19 - Request URL: imagostructures.com/produits/yourte-24/img_20141214_144037/
Attempts: 20 - Request URL: imagostructures.com/produits/yourtes-16/image1-1-1/
Attempts: 21 - Request URL: imagostructures.com/en/produits/tent-glamp/glamp13-2/
Attempts: 22 - Request URL: imagostructures.com/en/produits/28-yurt/yourte28-2-3-2/
Attempts: 23 - Request URL: imagostructures.com/en/produits/tentocto-2/tentocto_e-2/
Attempts: 24 - Request URL: imagostructures.com/yourte10/
Attempts: 25 - Request URL: imagostructures.com/produits/yourtes-16/g2/
Attempts: 26 - Request URL: imagostructures.com/produits/yourtes-16/iv9/
Attempts: 27 - Request URL: imagostructures.com/en/diapo2-2/
Attempts: 28 - Request URL: imagostructures.com/en/produits/tent-glamp/glamp22-2/
Attempts: 29 - Request URL: imagostructures.com/dimensions/
Attempts: 30 - Request URL: imagostructures.com/clientele-cible/
Attempts: 31 - Request URL: imagostructures.com/produits/yourte-24/img_20141214_144411/
Attempts: 32 - Request URL: imagostructures.com/en/produits/20-ft-yurt/img_0904-2/
Attempts: 33 - Request URL: imagostructures.com/en/produits/tentocto-2/2015-01-08-3-2/
Attempts: 34 - Request URL: imagostructures.com/en/produits/tiny-yurt/5-2/
Attempts: 35 - Request URL: imagostructures.com/en/produits/28-yurt/yourte28-1-2/
Attempts: 36 - Request URL: imagostructures.com/produits/yourtes-16/g4/
Attempts: 37 - Request URL: imagostructures.com/en/produits/20-ft-yurt/photo-4-2/
Attempts: 38 - Request URL: imagostructures.com/en/diapo3-1-2/
Attempts: 39 - Request URL: imagostructures.com/en/produits/20-ft-yurt/photo-2-1-2/
Attempts: 40 - Request URL: imagostructures.com/en/home/demo20-2/
Attempts: 41 - Request URL: imagostructures.com/produits/tentocto/tentocto_c/
Attempts: 42 - Request URL: imagostructures.com/en/produits/tentocto-2/tentocto_c-2/
Attempts: 43 - Request URL: imagostructures.com/en/produits/tentagone-2/tentagone-3-2/
Attempts: 44 - Request URL: imagostructures.com/yourte-16-pieds/
Attempts: 45 - Request URL: imagostructures.com/en/produits/tent-glamp/glamp12-2/
Attempts: 46 - Request URL: imagostructures.com/la-fabrication/
Attempts: 47 - Request URL: imagostructures.com/produits/tentocto/tentocto_e/
Attempts: 48 - Request URL: imagostructures.com/produits/yourtes-16/image1-2/
Attempts: 49 - Request URL: imagostructures.com/en/produits/tent-glamp/glamp26-2/
Attempts: 50 - Request URL: imagostructures.com/en/produits/tiny-yurt/yourte13-2/
Attempts: 51 - Request URL: imagostructures.com/1352/
Attempts: 52 - Request URL: imagostructures.com/en/produits/28-yurt/yourte28-5-2/
Attempts: 53 - Request URL: imagostructures.com/en/produits/tent-glamp/glamp21-2/
Attempts: 54 - Request URL: imagostructures.com/en/produits/tiny-yurt/img_5161-2/
Attempts: 55 - Request URL: imagostructures.com/2014/02/page/2/
Attempts: 56 - Request URL: imagostructures.com/photo11/
Attempts: 57 - Request URL: imagostructures.com/en/produits/20-ft-yurt/img_20150803_125416-2/
Attempts: 58 - Request URL: imagostructures.com/en/produits/28-yurt/yourte28-4-2-2/
Attempts: 59 - Request URL: imagostructures.com/en/produits/roof-tent/tentedetoit4-2/
Attempts: 60 - Request URL: imagostructures.com/en/produits/tiny-yurt/petephotographie-yourte_modif-2/
Attempts: 61 - Request URL: imagostructures.com/produits/yourte-28/yourte28/
Attempts: 62 - Request URL: imagostructures.com/en/shadesail-soltis-92-5-2/
Attempts: 63 - Request URL: imagostructures.com/en/produits/tiny-yurt/2-2/
