Attempts: 1 - Request URL: imagostructures.com/2017/
Attempts: 2 - Request URL: imagostructures.com/2017/01/
Attempts: 3 - Request URL: imagostructures.com/en/2014/
Attempts: 4 - Request URL: imagostructures.com/en/2013/
Attempts: 5 - Request URL: imagostructures.com/en/2015/
Attempts: 6 - Request URL: imagostructures.com/en/2012/
Attempts: 7 - Request URL: imagostructures.com/en/2011/
Attempts: 8 - Request URL: imagostructures.com/en/2016/
Attempts: 9 - Request URL: imagostructures.com/en/2013/01/
Attempts: 10 - Request URL: imagostructures.com/en/2015/01/
Attempts: 11 - Request URL: imagostructures.com/en/2013/04/
Attempts: 12 - Request URL: imagostructures.com/en/2012/02/
Attempts: 13 - Request URL: imagostructures.com/en/2015/04/
Attempts: 14 - Request URL: imagostructures.com/en/2011/05/
Attempts: 15 - Request URL: imagostructures.com/en/2016/08/
Attempts: 16 - Request URL: imagostructures.com/en/2011/10/
Attempts: 17 - Request URL: imagostructures.com/en/2014/06/
Attempts: 18 - Request URL: imagostructures.com/en/2013/06/
Attempts: 19 - Request URL: imagostructures.com/en/2014/08/
Attempts: 20 - Request URL: imagostructures.com/en/2012/11/
Attempts: 21 - Request URL: imagostructures.com/en/2013/03/
Attempts: 22 - Request URL: imagostructures.com/en/2015/02/
Attempts: 23 - Request URL: imagostructures.com/en/2014/04/
Attempts: 24 - Request URL: imagostructures.com/en/2014/01/
Attempts: 25 - Request URL: imagostructures.com/en/2011/07/
Attempts: 26 - Request URL: imagostructures.com/en/2011/12/
Attempts: 27 - Request URL: imagostructures.com/en/2014/02/
Attempts: 28 - Request URL: imagostructures.com/en/2015/06/
Attempts: 29 - Request URL: imagostructures.com/en/2014/11/
Attempts: 30 - Request URL: imagostructures.com/en/2011/06/
Attempts: 31 - Request URL: imagostructures.com/en/2013/02/
Attempts: 32 - Request URL: imagostructures.com/en/2013/05/
Attempts: 33 - Request URL: imagostructures.com/en/2013/08/
Attempts: 34 - Request URL: imagostructures.com/en/2014/05/
Attempts: 35 - Request URL: imagostructures.com/en/2015/03/
Attempts: 36 - Request URL: imagostructures.com/en/2013/09/
Attempts: 37 - Request URL: imagostructures.com/en/2014/03/
Attempts: 38 - Request URL: imagostructures.com/nos-produits/
Attempts: 39 - Request URL: imagostructures.com/produits/tente-xo4/
Attempts: 40 - Request URL: imagostructures.com/produits/tiny-yourte/
Attempts: 41 - Request URL: imagostructures.com/produits/tentocto/
Attempts: 42 - Request URL: imagostructures.com/produits/
Attempts: 43 - Request URL: imagostructures.com/demandez-une-soumission/
Attempts: 44 - Request URL: imagostructures.com/en/produit/tente-prospecteur-14x16
Attempts: 45 - Request URL: imagostructures.com/en/produit/tente-prospecteur-16x20
Attempts: 46 - Request URL: imagostructures.com/en/produit/tente-prospecteur-12x14
Attempts: 47 - Request URL: imagostructures.com/en/produit/tente-prospecteur-10x12
Attempts: 48 - Request URL: imagostructures.com/produits/tente-xc4/
Attempts: 49 - Request URL: imagostructures.com/produits/accessoire-1/
Attempts: 50 - Request URL: imagostructures.com/nos-produits/nos-produits/
