Attempts: 1 - Request URL: imagostructures.com/wp-content/plugins/sitepress-multilingual-cms/res/flags/fr@2x.png
Attempts: 2 - Request URL: imagostructures.com/wp-content/plugins/js_composer/assets/vc/visual_composer@2x.png
Attempts: 3 - Request URL: imagostructures.com/wp-content/plugins/sitepress-multilingual-cms/res/img/question1@2x.png
Attempts: 4 - Request URL: imagostructures.com/wp-content/plugins/sitepress-multilingual-cms/res/flags/en@2x.png
Attempts: 5 - Request URL: imagostructures.com/wp-content/plugins/sitepress-multilingual-cms/res/img/ico-close@2x.png
Attempts: 5 - Request URL: imagostructures.com/wp-content/plugins/sitepress-multilingual-cms/res/img/icon16@2x.png
Attempts: 6 - Request URL: imagostructures.com/wp-content/plugins/sitepress-multilingual-cms/res/img/ico-close@2x.png
Attempts: 7 - Request URL: imagostructures.com/wp-content/plugins/sitepress-multilingual-cms/res/flags/en@2x.png
Attempts: 7 - Request URL: imagostructures.com/wp-content/plugins/js_composer/assets/vc/visual_composer@2x.png
Attempts: 8 - Request URL: imagostructures.com/wp-content/plugins/sitepress-multilingual-cms/res/img/question1@2x.png
Attempts: 9 - Request URL: imagostructures.com/wp-content/plugins/sitepress-multilingual-cms/res/flags/fr@2x.png
Attempts: 10 - Request URL: imagostructures.com/wp-content/plugins/sitepress-multilingual-cms/res/img/icon16@2x.png
Attempts: 11 - Request URL: imagostructures.com/wp-content/plugins/sitepress-multilingual-cms/res/flags/en@2x.png
Attempts: 12 - Request URL: imagostructures.com/wp-content/plugins/sitepress-multilingual-cms/res/img/icon16@2x.png
Attempts: 13 - Request URL: imagostructures.com/wp-content/plugins/sitepress-multilingual-cms/res/img/ico-close@2x.png
Attempts: 14 - Request URL: imagostructures.com/wp-content/plugins/js_composer/assets/vc/visual_composer@2x.png
Attempts: 15 - Request URL: imagostructures.com/wp-content/plugins/sitepress-multilingual-cms/res/flags/fr@2x.png
Attempts: 15 - Request URL: imagostructures.com/wp-content/plugins/sitepress-multilingual-cms/res/img/question1@2x.png
Attempts: 16 - Request URL: imagostructures.com/wp-content/plugins/sitepress-multilingual-cms/res/flags/fr@2x.png
Attempts: 17 - Request URL: imagostructures.com/wp-content/plugins/js_composer/assets/vc/visual_composer@2x.png
Attempts: 17 - Request URL: imagostructures.com/wp-content/plugins/sitepress-multilingual-cms/res/img/ico-close@2x.png
Attempts: 18 - Request URL: imagostructures.com/wp-content/plugins/sitepress-multilingual-cms/res/flags/en@2x.png
Attempts: 19 - Request URL: imagostructures.com/wp-content/plugins/sitepress-multilingual-cms/res/img/icon16@2x.png
Attempts: 20 - Request URL: imagostructures.com/wp-content/plugins/sitepress-multilingual-cms/res/img/question1@2x.png
Attempts: 21 - Request URL: imagostructures.com/wp-content/plugins/js_composer/assets/vc/visual_composer@2x.png
Attempts: 22 - Request URL: imagostructures.com/wp-content/plugins/sitepress-multilingual-cms/res/flags/fr@2x.png
Attempts: 23 - Request URL: imagostructures.com/wp-content/plugins/sitepress-multilingual-cms/res/img/question1@2x.png
Attempts: 24 - Request URL: imagostructures.com/wp-content/plugins/sitepress-multilingual-cms/res/flags/en@2x.png
Attempts: 25 - Request URL: imagostructures.com/wp-content/plugins/sitepress-multilingual-cms/res/img/icon16@2x.png
Attempts: 26 - Request URL: imagostructures.com/wp-content/plugins/sitepress-multilingual-cms/res/img/ico-close@2x.png
Attempts: 27 - Request URL: imagostructures.com/wp-content/plugins/sitepress-multilingual-cms/res/flags/fr@2x.png
Attempts: 28 - Request URL: imagostructures.com/wp-content/plugins/sitepress-multilingual-cms/res/img/question1@2x.png
Attempts: 29 - Request URL: imagostructures.com/wp-content/plugins/js_composer/assets/vc/visual_composer@2x.png
Attempts: 29 - Request URL: imagostructures.com/wp-content/plugins/sitepress-multilingual-cms/res/flags/en@2x.png
Attempts: 30 - Request URL: imagostructures.com/wp-content/plugins/sitepress-multilingual-cms/res/img/icon16@2x.png
Attempts: 31 - Request URL: imagostructures.com/wp-content/plugins/sitepress-multilingual-cms/res/img/ico-close@2x.png
Attempts: 32 - Request URL: imagostructures.com/wp-content/plugins/js_composer/assets/vc/visual_composer@2x.png
Attempts: 33 - Request URL: imagostructures.com/wp-content/plugins/sitepress-multilingual-cms/res/flags/fr@2x.png
Attempts: 34 - Request URL: imagostructures.com/wp-content/plugins/sitepress-multilingual-cms/res/img/question1@2x.png
Attempts: 35 - Request URL: imagostructures.com/wp-content/plugins/sitepress-multilingual-cms/res/img/icon16@2x.png
Attempts: 36 - Request URL: imagostructures.com/wp-content/plugins/sitepress-multilingual-cms/res/img/ico-close@2x.png
Attempts: 37 - Request URL: imagostructures.com/wp-content/plugins/sitepress-multilingual-cms/res/flags/en@2x.png
Attempts: 38 - Request URL: imagostructures.com/wp-content/plugins/sitepress-multilingual-cms/res/img/question1@2x.png
Attempts: 39 - Request URL: imagostructures.com/wp-content/plugins/js_composer/assets/vc/visual_composer@2x.png
Attempts: 40 - Request URL: imagostructures.com/wp-content/plugins/sitepress-multilingual-cms/res/flags/fr@2x.png
Attempts: 41 - Request URL: imagostructures.com/wp-content/plugins/sitepress-multilingual-cms/res/img/icon16@2x.png
Attempts: 42 - Request URL: imagostructures.com/wp-content/plugins/sitepress-multilingual-cms/res/img/ico-close@2x.png
Attempts: 43 - Request URL: imagostructures.com/wp-content/plugins/sitepress-multilingual-cms/res/flags/en@2x.png
Attempts: 44 - Request URL: imagostructures.com/wp-content/plugins/js_composer/assets/vc/visual_composer@2x.png
Attempts: 45 - Request URL: imagostructures.com/wp-content/plugins/sitepress-multilingual-cms/res/img/question1@2x.png
Attempts: 45 - Request URL: imagostructures.com/wp-content/plugins/sitepress-multilingual-cms/res/flags/en@2x.png
Attempts: 46 - Request URL: imagostructures.com/wp-content/plugins/sitepress-multilingual-cms/res/flags/fr@2x.png
Attempts: 47 - Request URL: imagostructures.com/wp-content/plugins/sitepress-multilingual-cms/res/img/ico-close@2x.png
Attempts: 48 - Request URL: imagostructures.com/wp-content/plugins/sitepress-multilingual-cms/res/img/icon16@2x.png
Attempts: 49 - Request URL: imagostructures.com/wp-content/plugins/sitepress-multilingual-cms/res/img/icon16@2x.png
Attempts: 50 - Request URL: imagostructures.com/wp-content/plugins/sitepress-multilingual-cms/res/img/question1@2x.png
Attempts: 51 - Request URL: imagostructures.com/wp-content/plugins/sitepress-multilingual-cms/res/flags/en@2x.png
Attempts: 52 - Request URL: imagostructures.com/wp-content/plugins/sitepress-multilingual-cms/res/flags/fr@2x.png
Attempts: 53 - Request URL: imagostructures.com/wp-content/plugins/js_composer/assets/vc/visual_composer@2x.png
Attempts: 54 - Request URL: imagostructures.com/wp-content/plugins/sitepress-multilingual-cms/res/img/ico-close@2x.png
Attempts: 55 - Request URL: imagostructures.com/wp-content/plugins/js_composer/assets/vc/visual_composer@2x.png
Attempts: 56 - Request URL: imagostructures.com/wp-content/plugins/sitepress-multilingual-cms/res/flags/fr@2x.png
Attempts: 57 - Request URL: imagostructures.com/wp-content/plugins/sitepress-multilingual-cms/res/img/icon16@2x.png
Attempts: 58 - Request URL: imagostructures.com/wp-content/plugins/sitepress-multilingual-cms/res/img/ico-close@2x.png
Attempts: 59 - Request URL: imagostructures.com/wp-content/plugins/sitepress-multilingual-cms/res/img/question1@2x.png
Attempts: 60 - Request URL: imagostructures.com/wp-content/plugins/sitepress-multilingual-cms/res/flags/en@2x.png
Attempts: 61 - Request URL: imagostructures.com/wp-content/plugins/js_composer/assets/vc/visual_composer@2x.png
Attempts: 62 - Request URL: imagostructures.com/wp-content/plugins/sitepress-multilingual-cms/res/flags/fr@2x.png
Attempts: 63 - Request URL: imagostructures.com/wp-content/plugins/sitepress-multilingual-cms/res/img/question1@2x.png
Attempts: 64 - Request URL: imagostructures.com/wp-content/plugins/sitepress-multilingual-cms/res/img/ico-close@2x.png
Attempts: 65 - Request URL: imagostructures.com/wp-content/plugins/sitepress-multilingual-cms/res/img/icon16@2x.png
Attempts: 66 - Request URL: imagostructures.com/wp-content/plugins/sitepress-multilingual-cms/res/flags/en@2x.png
Attempts: 67 - Request URL: imagostructures.com/wp-content/plugins/js_composer/assets/vc/visual_composer@2x.png
Attempts: 68 - Request URL: imagostructures.com/wp-content/plugins/sitepress-multilingual-cms/res/img/question1@2x.png
Attempts: 69 - Request URL: imagostructures.com/wp-content/plugins/sitepress-multilingual-cms/res/flags/fr@2x.png
Attempts: 70 - Request URL: imagostructures.com/wp-content/plugins/sitepress-multilingual-cms/res/flags/en@2x.png
Attempts: 71 - Request URL: imagostructures.com/wp-content/plugins/sitepress-multilingual-cms/res/img/icon16@2x.png
Attempts: 72 - Request URL: imagostructures.com/wp-content/plugins/sitepress-multilingual-cms/res/img/ico-close@2x.png
Attempts: 73 - Request URL: imagostructures.com/wp-content/plugins/js_composer/assets/vc/visual_composer@2x.png
Attempts: 74 - Request URL: imagostructures.com/wp-content/plugins/sitepress-multilingual-cms/res/img/ico-close@2x.png
Attempts: 75 - Request URL: imagostructures.com/wp-content/plugins/sitepress-multilingual-cms/res/img/icon16@2x.png
Attempts: 76 - Request URL: imagostructures.com/wp-content/plugins/sitepress-multilingual-cms/res/flags/en@2x.png
Attempts: 77 - Request URL: imagostructures.com/wp-content/plugins/sitepress-multilingual-cms/res/img/question1@2x.png
Attempts: 77 - Request URL: imagostructures.com/wp-content/plugins/sitepress-multilingual-cms/res/flags/fr@2x.png
