Attempts: 1 - Request URL: imagostructures.com/en/produits/tent-glamp/en/our-products/
Attempts: 2 - Request URL: imagostructures.com/en/produits/20-ft-yurt/en/our-products/
Attempts: 3 - Request URL: imagostructures.com/en/produits/tentagone-2/en/our-products/
Attempts: 4 - Request URL: imagostructures.com/en/produits/tentocto-2/en/our-products/
Attempts: 5 - Request URL: imagostructures.com/en/produits/wood-stove/poele-6-2/
Attempts: 6 - Request URL: imagostructures.com/en/produits/xo8-tent-2/en/our-products/
Attempts: 7 - Request URL: imagostructures.com/en/achievements/glamp25/
Attempts: 8 - Request URL: imagostructures.com/en/produits/shade-sails-residential/en/our-products/
Attempts: 9 - Request URL: imagostructures.com/produits/yourtes-16/nos-produits/
Attempts: 10 - Request URL: imagostructures.com/en/produits/installation-kit/en/our-products/
Attempts: 11 - Request URL: imagostructures.com/en/produits/chimney-set/en/our-products/
Attempts: 12 - Request URL: imagostructures.com/en/produits/wood-stove/poele-3-2/
Attempts: 13 - Request URL: imagostructures.com/produits/ensemble-de-cheminees/nos-produits/
Attempts: 14 - Request URL: imagostructures.com/en/produits/delivery-starting/en/our-products/
Attempts: 15 - Request URL: imagostructures.com/en/produits/wood-stove/poele-5-2/
Attempts: 16 - Request URL: imagostructures.com/en/produits/prospector-tent/en/our-products/
Attempts: 17 - Request URL: imagostructures.com/produits/yourte-24/nos-produits/
Attempts: 18 - Request URL: imagostructures.com/en/produits/wood-stove/en/our-products/
Attempts: 19 - Request URL: imagostructures.com/produits/plate-forme/nos-produits/
Attempts: 20 - Request URL: imagostructures.com/en/produits/28-yurt/en/our-products/
Attempts: 21 - Request URL: imagostructures.com/en/produits/wood-stove/poele-1-eng/
Attempts: 22 - Request URL: imagostructures.com/en/produits/wood-stove/poele-2-2/
Attempts: 23 - Request URL: imagostructures.com/produits/plan-damenagement/nos-produits/
Attempts: 24 - Request URL: imagostructures.com/produits/tentocto/nos-produits/
Attempts: 25 - Request URL: imagostructures.com/en/produits/wood-stove/poele-4-2/
