Attempts: 1 - Request URL: imagostructures.com/produits/voiles-dombre-residentiels/voile-dombre-10x12-rectangle/
Attempts: 2 - Request URL: imagostructures.com/wp-content/uploads/2016/10/voile-dombre-10x12-triangle.jpg
Attempts: 3 - Request URL: imagostructures.com/realisations/
Attempts: 4 - Request URL: imagostructures.com/en/produits/wood-stove/poele-2/
Attempts: 5 - Request URL: imagostructures.com/10074/
Attempts: 6 - Request URL: imagostructures.com/produits/voiles-dombre-residentiels/voile-dombre-10x10-triangle/
Attempts: 7 - Request URL: imagostructures.com/en/produits/tentagone-2/tentagone2-2/
Attempts: 8 - Request URL: imagostructures.com/en/produits/xo4-tent/
Attempts: 9 - Request URL: imagostructures.com/produits/voile-dombre-sur-mesure/voile3-7/
Attempts: 10 - Request URL: imagostructures.com/en/produits/tent-glamp/glamp4-2/
Attempts: 11 - Request URL: imagostructures.com/en/dsc_2689-2/
Attempts: 12 - Request URL: imagostructures.com/produits/installation/
Attempts: 13 - Request URL: imagostructures.com/xc3_2-2/
Attempts: 14 - Request URL: imagostructures.com/en/yourte-de-luxe-vue-1-2-2/
Attempts: 15 - Request URL: imagostructures.com/en/2014/11/
Attempts: 16 - Request URL: imagostructures.com/penelope-5-ans/
Attempts: 17 - Request URL: imagostructures.com/en/voile3-1-2/
Attempts: 18 - Request URL: imagostructures.com/en/produits/shade-sails-residential/
Attempts: 19 - Request URL: imagostructures.com/en/produits/20-ft-yurt/photo-5-2/
Attempts: 20 - Request URL: imagostructures.com/produits/tente-xo4/dsc_5618/
Attempts: 21 - Request URL: imagostructures.com/en/home/demo20-2/
Attempts: 22 - Request URL: imagostructures.com/en/contact-us/martine@imagostructures.com
Attempts: 23 - Request URL: imagostructures.com/en/voile3-5-2/
Attempts: 24 - Request URL: imagostructures.com/6395282311_4feb4b8407/
Attempts: 25 - Request URL: imagostructures.com/produits/page/2/
Attempts: 26 - Request URL: imagostructures.com/wp-content/uploads/g4.jpg
Attempts: 27 - Request URL: imagostructures.com/wp-content/uploads/44811_369862926465361_1982858257_n-300x225.jpg
Attempts: 28 - Request URL: imagostructures.com/en/produits/tiny-yurt/img_5161-2/
Attempts: 29 - Request URL: imagostructures.com/en/produits/tent-glamp/glamp18-2/
Attempts: 30 - Request URL: imagostructures.com/en/produits/tent-glamp/glamp26-2/
Attempts: 31 - Request URL: imagostructures.com/en/produits/xo8-tent-2/
Attempts: 32 - Request URL: imagostructures.com/produits/accessoire-1/
