Attempts: 1 - Request URL: imagostructures.com/10074/
Attempts: 2 - Request URL: imagostructures.com/en/produits/28-yurt/
Attempts: 3 - Request URL: imagostructures.com/en/produits/installation-kit/
Attempts: 4 - Request URL: imagostructures.com/en/produits/wood-stove/
Attempts: 5 - Request URL: imagostructures.com/produits/voile-dombre-sur-mesure/
Attempts: 6 - Request URL: imagostructures.com/en/produits/xo4-tent/
Attempts: 7 - Request URL: imagostructures.com/en/produits/chimney-set/
Attempts: 8 - Request URL: imagostructures.com/produits/plan-damenagement/
Attempts: 9 - Request URL: imagostructures.com/en/produits/roof-tent/
Attempts: 10 - Request URL: imagostructures.com/produits/livraison/
Attempts: 11 - Request URL: imagostructures.com/en/produits/32-yurt/
Attempts: 12 - Request URL: imagostructures.com/produits/tiny-yourte/
Attempts: 13 - Request URL: imagostructures.com/en/produits/tent-glamp/
Attempts: 14 - Request URL: imagostructures.com/en/produits/installation-en/
Attempts: 15 - Request URL: imagostructures.com/en/home/
Attempts: 16 - Request URL: imagostructures.com/en/produits/20-ft-yurt/
Attempts: 17 - Request URL: imagostructures.com/en/produits/tentocto-2/
Attempts: 18 - Request URL: imagostructures.com/en/produits/xo8-tent-2/
Attempts: 19 - Request URL: imagostructures.com/genevieve/
Attempts: 20 - Request URL: imagostructures.com/en/produits/design-plan/
Attempts: 21 - Request URL: imagostructures.com/produits/tente-xo8/
Attempts: 22 - Request URL: imagostructures.com/en/produits/tiny-yurt/
Attempts: 23 - Request URL: imagostructures.com/produits/installation/
Attempts: 24 - Request URL: imagostructures.com/produits/tentagone/
Attempts: 25 - Request URL: imagostructures.com/produits/kit-dinstallation/
Attempts: 26 - Request URL: imagostructures.com/produits/plate-forme/
Attempts: 27 - Request URL: imagostructures.com/produits/tentocto/
Attempts: 28 - Request URL: imagostructures.com/en/produits/stove-yurt/
Attempts: 29 - Request URL: imagostructures.com/en/produits/prospector-tent/
Attempts: 30 - Request URL: imagostructures.com/en/produits/delivery-starting/
Attempts: 31 - Request URL: imagostructures.com/produits/tente-xc-aventure/
Attempts: 32 - Request URL: imagostructures.com/en/produits/tentagone-2/
