Attempts: 1 - Request URL: imagostructures.com/en/etirer-le-mur-2-2/
Attempts: 2 - Request URL: imagostructures.com/produits/accessoire-1/poele/
Attempts: 3 - Request URL: imagostructures.com/produits/poele-pour-yourte/rengency/
Attempts: 4 - Request URL: imagostructures.com/en/yourte-zoo-2/
Attempts: 5 - Request URL: imagostructures.com/produits/ensemble-de-cheminees/kit/
Attempts: 6 - Request URL: imagostructures.com/produits/yourte-24/img_20141214_144154/
Attempts: 7 - Request URL: imagostructures.com/en/produits/tent-glamp/glamp22-4-2/
Attempts: 8 - Request URL: imagostructures.com/produits/tente-xo4/dsc_5558/
Attempts: 9 - Request URL: imagostructures.com/en/produits/28-yurt/yourte28-2-2/
Attempts: 10 - Request URL: imagostructures.com/produits/yourte-24/alfredoscar3/
Attempts: 11 - Request URL: imagostructures.com/produits/yourte-20/photo-4/
Attempts: 12 - Request URL: imagostructures.com/produits/tente-xc-aventure/tentedetoit4-4/
Attempts: 13 - Request URL: imagostructures.com/en/produits/24-yurt/
Attempts: 14 - Request URL: imagostructures.com/promotion/yourte16p/
Attempts: 15 - Request URL: imagostructures.com/avantages-de-la-yourte/
Attempts: 16 - Request URL: imagostructures.com/en/produits/20-ft-yurt/photo-5-2/
Attempts: 17 - Request URL: imagostructures.com/produits/tente-xo4/dsc_5596/
Attempts: 18 - Request URL: imagostructures.com/en/produits/tent-glamp/glamp23-3-2/
Attempts: 19 - Request URL: imagostructures.com/reinventer-lhabitat/
Attempts: 20 - Request URL: imagostructures.com/en/produits/tiny-yurt/img_5158-2/
Attempts: 21 - Request URL: imagostructures.com/yourte/demo20/
Attempts: 22 - Request URL: imagostructures.com/produits/tiny-yourte/1-3/
Attempts: 23 - Request URL: imagostructures.com/en/produits/20-ft-yurt/photo-3-1-2/
Attempts: 24 - Request URL: imagostructures.com/en/voile3-6-2/
Attempts: 25 - Request URL: imagostructures.com/en/produits/stove-yurt/rengency-2/
Attempts: 26 - Request URL: imagostructures.com/produits/tente-xo4/dsc_5580/
Attempts: 27 - Request URL: imagostructures.com/lassemblage/
Attempts: 28 - Request URL: imagostructures.com/en/produits/28-yurt/image-3-2/
Attempts: 29 - Request URL: imagostructures.com/produits/yourtes-16/image1-1-1/
Attempts: 30 - Request URL: imagostructures.com/produits/yourte-32/img_1720/
Attempts: 31 - Request URL: imagostructures.com/produits/yourte-32/yourte-de-luxe-vue-3-2/
Attempts: 32 - Request URL: imagostructures.com/en/produits/tent-glamp/glamp13-2/
Attempts: 33 - Request URL: imagostructures.com/en/achievements/yourt1-2/
Attempts: 34 - Request URL: imagostructures.com/yourte10/
Attempts: 35 - Request URL: imagostructures.com/en/voile3-5-2/
Attempts: 36 - Request URL: imagostructures.com/en/produits/tent-glamp/glamp25-3-2/
Attempts: 37 - Request URL: imagostructures.com/produits/yourte-20/alfred2/
Attempts: 38 - Request URL: imagostructures.com/produits/yourtes-16/g2/
Attempts: 39 - Request URL: imagostructures.com/produits/yourtes-16/iv9/
Attempts: 40 - Request URL: imagostructures.com/en/produits/installation-en/etirer-le-mur-3/
Attempts: 41 - Request URL: imagostructures.com/produits/voiles-dombre-residentiels/voile-dombre-10x12-triangle/
Attempts: 42 - Request URL: imagostructures.com/en/diapo2-2/
Attempts: 43 - Request URL: imagostructures.com/produits/yourte-20/photo-3-1/
Attempts: 44 - Request URL: imagostructures.com/en/produits/tent-glamp/glamp22-2/
Attempts: 45 - Request URL: imagostructures.com/produits/voiles-dombre-residentiels/voile-dombre-12x12-carre/
Attempts: 46 - Request URL: imagostructures.com/produits/kit-dinstallation/shade_sail_he_4_/
Attempts: 47 - Request URL: imagostructures.com/en/produits/20-ft-yurt/img_0904-2/
Attempts: 48 - Request URL: imagostructures.com/yourte-de-luxe-vue-2/
Attempts: 49 - Request URL: imagostructures.com/yourte-zoo/
Attempts: 50 - Request URL: imagostructures.com/produits/tiny-yourte/petephotographie-yourte_modif/
Attempts: 51 - Request URL: imagostructures.com/produits/yourtes-16/g4/
Attempts: 52 - Request URL: imagostructures.com/en/produits/20-ft-yurt/photo-4-2/
Attempts: 53 - Request URL: imagostructures.com/produits/yourte-24/img_20141214_144059/
Attempts: 54 - Request URL: imagostructures.com/produits/voiles-dombre-residentiels/voile-dombre-10x10-carre/
Attempts: 55 - Request URL: imagostructures.com/en/diapo3-1-2/
Attempts: 56 - Request URL: imagostructures.com/en/produits/20-ft-yurt/photo-2-1-2/
Attempts: 57 - Request URL: imagostructures.com/en/home/demo20-2/
Attempts: 58 - Request URL: imagostructures.com/produits/tente-xo4/dsc_5551/
Attempts: 59 - Request URL: imagostructures.com/produits/livraison/yourte-3/
Attempts: 60 - Request URL: imagostructures.com/produits/yourte-32/photo276/
Attempts: 61 - Request URL: imagostructures.com/produits/yourte-20/photo-5/
Attempts: 62 - Request URL: imagostructures.com/produits/tentocto/tentocto_c/
Attempts: 63 - Request URL: imagostructures.com/en/produits/tent-glamp/glamp12-2/
Attempts: 64 - Request URL: imagostructures.com/realisations/yourt1/
Attempts: 65 - Request URL: imagostructures.com/la-fabrication/
Attempts: 66 - Request URL: imagostructures.com/produits/yourte-20/img_20150803_125416/
Attempts: 67 - Request URL: imagostructures.com/produits/tentocto/tentocto_e/
Attempts: 68 - Request URL: imagostructures.com/produits/yourte-20/unnamed-2-2/
Attempts: 69 - Request URL: imagostructures.com/produits/tente-xc-aventure/tentedetoit4-1/
Attempts: 70 - Request URL: imagostructures.com/en/produits/tiny-yurt/yourte13-2/
Attempts: 71 - Request URL: imagostructures.com/produits/voiles-dombre-residentiels/voile-dombre-10x10-triangle/
Attempts: 72 - Request URL: imagostructures.com/yourte-de-luxe-vue-1-2/
Attempts: 73 - Request URL: imagostructures.com/produits/yourte-20/img_0904/
Attempts: 74 - Request URL: imagostructures.com/en/produits/shade-sails-for-parks/
Attempts: 75 - Request URL: imagostructures.com/1352/
Attempts: 76 - Request URL: imagostructures.com/produits/yourte-20/photo-2-1/
Attempts: 77 - Request URL: imagostructures.com/en/produits/28-yurt/yourte28-5-2/
Attempts: 78 - Request URL: imagostructures.com/en/produits/tent-glamp/glamp21-2/
Attempts: 79 - Request URL: imagostructures.com/produits/tiny-yourte/attachment/2/
Attempts: 80 - Request URL: imagostructures.com/en/produits/tiny-yurt/img_5161-2/
Attempts: 81 - Request URL: imagostructures.com/2014/02/page/2/
Attempts: 82 - Request URL: imagostructures.com/produits/tente-xo4/dsc_5592/
Attempts: 83 - Request URL: imagostructures.com/photo11/
Attempts: 84 - Request URL: imagostructures.com/produits/tente-glamp/glamp22/
Attempts: 85 - Request URL: imagostructures.com/produits/tente-xc-aventure/tentedetoit4-5/
Attempts: 86 - Request URL: imagostructures.com/en/produits/20-ft-yurt/img_20150803_125416-2/
Attempts: 87 - Request URL: imagostructures.com/en/produits/
Attempts: 88 - Request URL: imagostructures.com/produits/page/2/
Attempts: 89 - Request URL: imagostructures.com/produits/tente-xo4/dsc_5574/
Attempts: 90 - Request URL: imagostructures.com/en/produits/28-yurt/yourte28-4-2-2/
Attempts: 91 - Request URL: imagostructures.com/en/produits/roof-tent/tentedetoit4-2/
Attempts: 92 - Request URL: imagostructures.com/en/produits/tiny-yurt/petephotographie-yourte_modif-2/
Attempts: 93 - Request URL: imagostructures.com/produits/yourte-28/yourte28-5/
Attempts: 94 - Request URL: imagostructures.com/produits/yourte-28/yourte28/
Attempts: 95 - Request URL: imagostructures.com/en/produits/shade-sails-residential/
Attempts: 96 - Request URL: imagostructures.com/produits/tentagone/tentagone_1/
