Attempts: 1 - Request URL: imagostructures.com/wp-content/debug.log
Attempts: 2 - Request URL: imagostructures.com/wp-config.php%7E
Attempts: 3 - Request URL: imagostructures.com/wp-config.php.swp
Attempts: 4 - Request URL: imagostructures.com/%23wp-config.php%23
Attempts: 5 - Request URL: imagostructures.com/wp-config.save
Attempts: 6 - Request URL: imagostructures.com/wp-config.php.swo
Attempts: 7 - Request URL: imagostructures.com/.wp-config.php.swp
Attempts: 8 - Request URL: imagostructures.com/wp-config.php.bak
Attempts: 9 - Request URL: imagostructures.com/wp-config.php_bak
Attempts: 9 - Request URL: imagostructures.com/wp-config.bak
Attempts: 10 - Request URL: imagostructures.com/wp-config.php.save
Attempts: 11 - Request URL: imagostructures.com/wp-config.txt
Attempts: 12 - Request URL: imagostructures.com/wp-config.old
Attempts: 13 - Request URL: imagostructures.com/wp-config.original
Attempts: 14 - Request URL: imagostructures.com/wp-config.orig
Attempts: 14 - Request URL: imagostructures.com/wp-config.php.orig
Attempts: 14 - Request URL: imagostructures.com/wp-config.php.original
Attempts: 15 - Request URL: imagostructures.com/wp-config.php.old
Attempts: 16 - Request URL: imagostructures.com/searchreplacedb2.php
Attempts: 17 - Request URL: imagostructures.com/wp-content/mu-plugins/
Attempts: 18 - Request URL: imagostructures.com/wp-includes/js/plupload/plupload.js
Attempts: 19 - Request URL: imagostructures.com/wp-admin/js/wp-fullscreen.js
Attempts: 20 - Request URL: imagostructures.com/wp-content/themes/twentyten/style.css
Attempts: 21 - Request URL: imagostructures.com/wp-includes/js/tinymce/plugins/wpeditimage/editor_plugin.js
Attempts: 22 - Request URL: imagostructures.com/wp-includes/js/tinymce/themes/advanced/js/image.js
Attempts: 23 - Request URL: imagostructures.com/wp-includes/js/tinymce/themes/advanced/js/link.js
Attempts: 24 - Request URL: imagostructures.com/wp-includes/js/wp-ajax.js
Attempts: 25 - Request URL: imagostructures.com/wp-content/themes/default/style.css
Attempts: 26 - Request URL: imagostructures.com/wp-layout.css
Attempts: 27 - Request URL: imagostructures.com/layout2b.css
Attempts: 28 - Request URL: imagostructures.com/wp-content/themes/Divi/readme.txt
Attempts: 29 - Request URL: imagostructures.com/wp-content/themes/Divi/README.txt
Attempts: 30 - Request URL: imagostructures.com/wp-content/themes/Divi/Readme.txt
Attempts: 31 - Request URL: imagostructures.com/wp-content/themes/Divi/ReadMe.txt
Attempts: 32 - Request URL: imagostructures.com/wp-content/themes/Divi/README.TXT
Attempts: 33 - Request URL: imagostructures.com/wp-content/themes/Divi/readme.TXT
Attempts: 34 - Request URL: imagostructures.com/wp-content/themes/Divi/changelog.txt
Attempts: 35 - Request URL: imagostructures.com/wp-content/themes/Divi/error_log
Attempts: 36 - Request URL: imagostructures.com/wp-content/plugins/contact-form-7/readme.txt
Attempts: 37 - Request URL: imagostructures.com/wp-content/plugins/contact-form-7/README.txt
Attempts: 38 - Request URL: imagostructures.com/wp-content/plugins/contact-form-7/Readme.txt
Attempts: 39 - Request URL: imagostructures.com/wp-content/plugins/contact-form-7/ReadMe.txt
Attempts: 40 - Request URL: imagostructures.com/wp-content/plugins/contact-form-7/README.TXT
Attempts: 41 - Request URL: imagostructures.com/wp-content/plugins/contact-form-7/readme.TXT
Attempts: 42 - Request URL: imagostructures.com/wp-content/plugins/contact-form-7/changelog.txt
Attempts: 43 - Request URL: imagostructures.com/wp-content/plugins/contact-form-7/error_log
Attempts: 44 - Request URL: imagostructures.com/wp-content/plugins/js_composer/readme.txt
Attempts: 45 - Request URL: imagostructures.com/wp-content/plugins/js_composer/README.txt
Attempts: 46 - Request URL: imagostructures.com/wp-content/plugins/js_composer/Readme.txt
Attempts: 47 - Request URL: imagostructures.com/wp-content/plugins/js_composer/ReadMe.txt
Attempts: 48 - Request URL: imagostructures.com/wp-content/plugins/js_composer/README.TXT
Attempts: 49 - Request URL: imagostructures.com/wp-content/plugins/js_composer/readme.TXT
Attempts: 50 - Request URL: imagostructures.com/wp-content/plugins/js_composer/changelog.txt
Attempts: 51 - Request URL: imagostructures.com/wp-content/plugins/js_composer/error_log
Attempts: 52 - Request URL: imagostructures.com/wp-content/plugins/newsletter/readme.txt
Attempts: 53 - Request URL: imagostructures.com/wp-content/plugins/newsletter/README.txt
Attempts: 54 - Request URL: imagostructures.com/wp-content/plugins/newsletter/Readme.txt
Attempts: 55 - Request URL: imagostructures.com/wp-content/plugins/newsletter/ReadMe.txt
Attempts: 56 - Request URL: imagostructures.com/wp-content/plugins/newsletter/README.TXT
Attempts: 57 - Request URL: imagostructures.com/wp-content/plugins/newsletter/readme.TXT
Attempts: 58 - Request URL: imagostructures.com/wp-content/plugins/newsletter/changelog.txt
Attempts: 59 - Request URL: imagostructures.com/wp-content/plugins/newsletter/error_log
Attempts: 60 - Request URL: imagostructures.com/wp-content/plugins/revslider/readme.txt
Attempts: 61 - Request URL: imagostructures.com/wp-content/plugins/revslider/README.txt
Attempts: 62 - Request URL: imagostructures.com/wp-content/plugins/revslider/Readme.txt
Attempts: 63 - Request URL: imagostructures.com/wp-content/plugins/revslider/ReadMe.txt
Attempts: 64 - Request URL: imagostructures.com/wp-content/plugins/revslider/README.TXT
Attempts: 65 - Request URL: imagostructures.com/wp-content/plugins/revslider/readme.TXT
Attempts: 66 - Request URL: imagostructures.com/wp-content/plugins/revslider/changelog.txt
Attempts: 67 - Request URL: imagostructures.com/wp-content/plugins/revslider/error_log
Attempts: 68 - Request URL: imagostructures.com/wp-content/plugins/sitepress-multilingual-cms/readme.txt
Attempts: 69 - Request URL: imagostructures.com/wp-content/plugins/sitepress-multilingual-cms/README.txt
Attempts: 70 - Request URL: imagostructures.com/wp-content/plugins/sitepress-multilingual-cms/Readme.txt
Attempts: 71 - Request URL: imagostructures.com/wp-content/plugins/sitepress-multilingual-cms/ReadMe.txt
Attempts: 72 - Request URL: imagostructures.com/wp-content/plugins/sitepress-multilingual-cms/README.TXT
Attempts: 73 - Request URL: imagostructures.com/wp-content/plugins/sitepress-multilingual-cms/readme.TXT
Attempts: 74 - Request URL: imagostructures.com/wp-content/plugins/sitepress-multilingual-cms/changelog.txt
Attempts: 75 - Request URL: imagostructures.com/wp-content/plugins/sitepress-multilingual-cms/error_log
Attempts: 76 - Request URL: imagostructures.com/wp-content/plugins/vc-social-stream/readme.txt
Attempts: 77 - Request URL: imagostructures.com/wp-content/plugins/vc-social-stream/README.txt
Attempts: 78 - Request URL: imagostructures.com/wp-content/plugins/vc-social-stream/Readme.txt
Attempts: 79 - Request URL: imagostructures.com/wp-content/plugins/vc-social-stream/ReadMe.txt
Attempts: 80 - Request URL: imagostructures.com/wp-content/plugins/vc-social-stream/README.TXT
Attempts: 81 - Request URL: imagostructures.com/wp-content/plugins/vc-social-stream/readme.TXT
Attempts: 82 - Request URL: imagostructures.com/wp-content/plugins/vc-social-stream/changelog.txt
Attempts: 83 - Request URL: imagostructures.com/wp-content/plugins/vc-social-stream/error_log
Attempts: 84 - Request URL: imagostructures.com/wp-content/plugins/woocommerce/readme.txt
Attempts: 85 - Request URL: imagostructures.com/wp-content/plugins/woocommerce/README.txt
Attempts: 86 - Request URL: imagostructures.com/wp-content/plugins/woocommerce/Readme.txt
Attempts: 87 - Request URL: imagostructures.com/wp-content/plugins/woocommerce/ReadMe.txt
Attempts: 88 - Request URL: imagostructures.com/wp-content/plugins/woocommerce/README.TXT
Attempts: 89 - Request URL: imagostructures.com/wp-content/plugins/woocommerce/readme.TXT
Attempts: 90 - Request URL: imagostructures.com/wp-content/plugins/woocommerce/changelog.txt
Attempts: 91 - Request URL: imagostructures.com/wp-content/plugins/woocommerce/error_log
Attempts: 92 - Request URL: imagostructures.com/wp-content/plugins/woocommerce-multilingual/readme.txt
Attempts: 93 - Request URL: imagostructures.com/wp-content/plugins/woocommerce-multilingual/README.txt
Attempts: 94 - Request URL: imagostructures.com/wp-content/plugins/woocommerce-multilingual/Readme.txt
Attempts: 95 - Request URL: imagostructures.com/wp-content/plugins/woocommerce-multilingual/ReadMe.txt
Attempts: 96 - Request URL: imagostructures.com/wp-content/plugins/woocommerce-multilingual/README.TXT
Attempts: 97 - Request URL: imagostructures.com/wp-content/plugins/woocommerce-multilingual/readme.TXT
Attempts: 98 - Request URL: imagostructures.com/wp-content/plugins/woocommerce-multilingual/changelog.txt
Attempts: 99 - Request URL: imagostructures.com/wp-content/plugins/woocommerce-multilingual/error_log
Attempts: more than 99 - Request URL: imagostructures.com/wp-content/plugins/wp-masonry-layout-pro/readme.txt
Attempts: 1 - Request URL: imagostructures.com/wp-content/plugins/wp-masonry-layout-pro/README.txt
