Attempts: 1 - Request URL: imagostructures.com/en/produit/tente-prospecteur-10x12
Attempts: 1 - Request URL: imagostructures.com/en/product-category/accessories/
Attempts: 1 - Request URL: imagostructures.com/wp-content/uploads/2016/11/mission_1-300x254.png
Attempts: 1 - Request URL: imagostructures.com/wp-content/uploads/2016/11/mission_2-300x245.png
Attempts: 1 - Request URL: imagostructures.com/wp-content/uploads/2016/11/mission_3-191x300.png
Attempts: 1 - Request URL: imagostructures.com/wp-content/uploads/2016/11/s3_green-300x290.png
Attempts: 1 - Request URL: imagostructures.com/wp-content/uploads/2016/11/history_1-150x150.png
Attempts: 1 - Request URL: imagostructures.com/wp-content/uploads/2016/11/history_3-300x297.png
Attempts: 1 - Request URL: imagostructures.com/wp-content/uploads/2016/11/history_2-300x297.png
Attempts: 1 - Request URL: imagostructures.com/wp-content/uploads/2016/11/lady_1x1920-300x200.jpg
Attempts: 1 - Request URL: imagostructures.com/wp-content/uploads/2016/11/front_b_4x1920-300x199.jpg
Attempts: 1 - Request URL: imagostructures.com/wp-content/uploads/2016/09/yurts-square-300x300.jpg
Attempts: 1 - Request URL: imagostructures.com/wp-content/uploads/2016/11/front_req_1x1920-300x200.jpg
Attempts: 1 - Request URL: imagostructures.com/wp-content/uploads/2016/11/inside_2x1920-300x300.jpg
Attempts: 1 - Request URL: imagostructures.com/wp-content/uploads/2016/10/voile-dombre-12x12-carre-150x150.jpg
Attempts: 1 - Request URL: imagostructures.com/wp-content/uploads/2016/10/voile-dombre-12x12-triangle-150x150.jpg
Attempts: 1 - Request URL: imagostructures.com/wp-content/uploads/2016/10/voile-dombre-10x12-rectangle-150x150.jpg
Attempts: 1 - Request URL: imagostructures.com/wp-content/uploads/2016/10/voile-dombre-10x12-triangle-150x150.jpg
Attempts: 1 - Request URL: imagostructures.com/wp-content/uploads/2016/10/voile-dombre-10x10-triangle-150x150.jpg
Attempts: 1 - Request URL: imagostructures.com/wp-content/uploads/2016/10/voile-dombre-10x10-carre-150x150.jpg
Attempts: 1 - Request URL: imagostructures.com/wp-content/uploads/2016/10/Selection_589-300x92.png
Attempts: 1 - Request URL: imagostructures.com/wp-content/uploads/2016/10/bg-copy-300x222.jpg
Attempts: 1 - Request URL: imagostructures.com/wp-content/uploads/2016/10/vine-670939_1920-300x182.jpg
Attempts: 1 - Request URL: imagostructures.com/wp-content/uploads/2016/10/1-1-300x174.jpg
Attempts: 1 - Request URL: imagostructures.com/wp-content/uploads/2016/10/022.png
Attempts: 1 - Request URL: imagostructures.com/wp-content/uploads/2016/10/032.png
Attempts: 1 - Request URL: imagostructures.com/wp-content/uploads/2016/10/041.png
Attempts: 1 - Request URL: imagostructures.com/wp-content/uploads/2016/10/051.png
Attempts: 1 - Request URL: imagostructures.com/wp-content/uploads/2016/10/3-1-300x217.jpg
Attempts: 1 - Request URL: imagostructures.com/wp-content/uploads/2016/10/2-1-300x200.jpg
Attempts: 1 - Request URL: imagostructures.com/wp-content/uploads/2016/09/5425560739_aaced70c9e_o-1-225x300.jpg
Attempts: 1 - Request URL: imagostructures.com/wp-content/uploads/2016/09/Stars_1-300x199.jpg
Attempts: 1 - Request URL: imagostructures.com/wp-content/uploads/2016/09/Voile_4-199x300.jpg
Attempts: 1 - Request URL: imagostructures.com/wp-content/uploads/2016/09/four_seasons_3-300x182.png
Attempts: 1 - Request URL: imagostructures.com/wp-content/uploads/2016/09/four_seasons_1-300x182.png
Attempts: 1 - Request URL: imagostructures.com/wp-content/uploads/2016/09/four_seasons_2-300x182.png
Attempts: 1 - Request URL: imagostructures.com/wp-content/uploads/2016/09/four_seasons_4-300x182.png
Attempts: 1 - Request URL: imagostructures.com/wp-content/uploads/2016/09/four_seasons_by_nalmes-300x182.png
Attempts: 1 - Request URL: imagostructures.com/wp-content/uploads/2016/09/header_2-300x39.png
Attempts: 1 - Request URL: imagostructures.com/wp-content/uploads/2016/09/footer-300x115.png
Attempts: 1 - Request URL: imagostructures.com/wp-content/uploads/2016/09/footer-300x169.png
Attempts: 1 - Request URL: imagostructures.com/wp-content/uploads/2016/09/footer_texture-300x300.png
Attempts: 1 - Request URL: imagostructures.com/wp-content/uploads/2016/09/footer-1-300x74.png
Attempts: 1 - Request URL: imagostructures.com/wp-content/uploads/2016/09/footer-texture-300x74.png
Attempts: 1 - Request URL: imagostructures.com/wp-content/uploads/2016/09/woodpatterntexture11-300x200.jpg
Attempts: 1 - Request URL: imagostructures.com/wp-content/uploads/2016/09/20140528-08-300x176.jpg
Attempts: 1 - Request URL: imagostructures.com/wp-content/uploads/2016/09/logo_positionnement-300x231.png
Attempts: 1 - Request URL: imagostructures.com/wp-content/uploads/2016/09/footer_3-300x39.png
Attempts: 1 - Request URL: imagostructures.com/wp-content/uploads/2016/09/footer_3-1-300x78.png
Attempts: 1 - Request URL: imagostructures.com/wp-content/uploads/2016/09/Action-Footer-1-e1459884252213-300x35.png
Attempts: 1 - Request URL: imagostructures.com/wp-content/uploads/2016/09/Untitled-1-300x115.png
Attempts: 1 - Request URL: imagostructures.com/wp-content/uploads/2016/09/IM6.1-70x300.png
Attempts: 1 - Request URL: imagostructures.com/wp-content/uploads/2016/09/imago_petite_carre-1-150x128.jpg
Attempts: 1 - Request URL: imagostructures.com/wp-content/uploads/2016/08/logo_PMS_coated-300x148.png
Attempts: 1 - Request URL: imagostructures.com/wp-content/uploads/2016/09/footer_texture.png
Attempts: 1 - Request URL: imagostructures.com/wp-content/uploads/2016/09/logo_positionnement-150x139.png
Attempts: 1 - Request URL: imagostructures.com/wp-content/uploads/2016/09/imago_petite_carre-1.jpg
Attempts: 1 - Request URL: imagostructures.com/wp-content/uploads/2016/09/four_seasons_1-1024x622.png
Attempts: 1 - Request URL: imagostructures.com/wp-content/uploads/2016/09/four_seasons_2-1024x622.png
Attempts: 1 - Request URL: imagostructures.com/wp-content/uploads/2016/09/footer_3-1024x134.png
Attempts: 1 - Request URL: imagostructures.com/wp-content/uploads/2016/09/footer-1024x391.png
Attempts: 1 - Request URL: imagostructures.com/wp-content/uploads/2016/09/Untitled-1-1024x391.png
Attempts: 1 - Request URL: imagostructures.com/wp-content/uploads/2016/09/20140528-08-1024x601.jpg
Attempts: 1 - Request URL: imagostructures.com/wp-content/uploads/2016/09/footer-1024x577.png
Attempts: 1 - Request URL: imagostructures.com/wp-content/uploads/2016/09/woodpatterntexture11.jpg
Attempts: 1 - Request URL: imagostructures.com/wp-content/uploads/2016/09/footer-texture-1024x253.png
Attempts: 1 - Request URL: imagostructures.com/wp-content/uploads/2016/09/footer_texture.png
Attempts: 1 - Request URL: imagostructures.com/wp-content/uploads/2016/11/front_b_4x1920-1024x680.jpg
Attempts: 1 - Request URL: imagostructures.com/wp-content/uploads/2016/11/front_b_4x1920-150x150.jpg
