Attempts: 1 - Request URL: imagostructures.com/en/produits/xo4-tent/dsc_5618-2/
Attempts: 2 - Request URL: imagostructures.com/en/produits/xo4-tent/dsc_5558-2/
Attempts: 3 - Request URL: imagostructures.com/en/photo11-2/
Attempts: 4 - Request URL: imagostructures.com/en/produits/16-ft-yurt-2/image1-1-1-2/
Attempts: 5 - Request URL: imagostructures.com/en/voile3-7-2/
Attempts: 6 - Request URL: imagostructures.com/en/produits/delivery-starting/yourte4-2/
Attempts: 7 - Request URL: imagostructures.com/en/produits/tent-glamp/glamp25-2/
Attempts: 8 - Request URL: imagostructures.com/demandez-une-soumission
Attempts: 9 - Request URL: imagostructures.com/en/produits/24-yurt/sentier-les-murailles-2/
Attempts: 10 - Request URL: imagostructures.com/en/produits/xo4-tent/dsc_5574-2/
Attempts: 11 - Request URL: imagostructures.com/produits/yourtes-16/yourte16/
Attempts: 12 - Request URL: imagostructures.com/en/produits/tentocto-2/tentocto_e-2/
Attempts: 13 - Request URL: imagostructures.com/en/44811_369862926465361_1982858257_n-2/
Attempts: 14 - Request URL: imagostructures.com/en/produits/24-yurt/img_20141214_144154-2/
Attempts: 15 - Request URL: imagostructures.com/produits/page/3/
Attempts: 16 - Request URL: imagostructures.com/en/produits/xo8-tent-2/tente-2-toile-2-2/
Attempts: 17 - Request URL: imagostructures.com/en/produits/tentocto-2/2015-01-08-3-2/
Attempts: 18 - Request URL: imagostructures.com/en/produits/tiny-yurt/5-2/
Attempts: 19 - Request URL: imagostructures.com/en/achievements/yourte-a-vendre-8-2/
Attempts: 20 - Request URL: imagostructures.com/en/produits/delivery-starting/livraison-2-2/
Attempts: 21 - Request URL: imagostructures.com/produits
Attempts: 22 - Request URL: imagostructures.com/en/voile3-3-2/
Attempts: 23 - Request URL: imagostructures.com/en/produits/28-yurt/yourte28-1-2/
Attempts: 24 - Request URL: imagostructures.com/en/produits/roof-tent/tentedetoit4-1-2/
Attempts: 25 - Request URL: imagostructures.com/en/produits/prospector-tent/tente-prospecteur-2/
Attempts: 26 - Request URL: imagostructures.com/en/produits/tent-glamp/glamp24-2/
Attempts: 27 - Request URL: imagostructures.com/en/produits/24-yurt/img_20141214_144140-2/
