Attempts: 1 - Request URL: imagostructures.com/en/produits/xo4-tent/dsc_5618-2/
Attempts: 2 - Request URL: imagostructures.com/en/yourte-zoo-2/
Attempts: 3 - Request URL: imagostructures.com/en/produits/xo4-tent/dsc_5558-2/
Attempts: 4 - Request URL: imagostructures.com/produits/yourte-24/img_20141214_144154/
Attempts: 5 - Request URL: imagostructures.com/en/voile3-7-2/
Attempts: 6 - Request URL: imagostructures.com/en/produits/delivery-starting/yourte4-2/
Attempts: 7 - Request URL: imagostructures.com/en/produits/24-yurt/sentier-les-murailles-2/
Attempts: 8 - Request URL: imagostructures.com/en/produits/xo4-tent/dsc_5574-2/
Attempts: 9 - Request URL: imagostructures.com/en/voile3-6-2/
Attempts: 10 - Request URL: imagostructures.com/en/produits/32-yurt/photo276-2/
Attempts: 11 - Request URL: imagostructures.com/produits/yourtes-16/yourte16/
Attempts: 12 - Request URL: imagostructures.com/en/produits/28-yurt/image-3-2/
Attempts: 13 - Request URL: imagostructures.com/en/achievements/yourt1-2/
Attempts: 14 - Request URL: imagostructures.com/en/voile3-5-2/
Attempts: 15 - Request URL: imagostructures.com/en/produits/xo4-tent/dsc_5580-2/
Attempts: 16 - Request URL: imagostructures.com/en/produits/tent-glamp/glamp25-3-2/
Attempts: 17 - Request URL: imagostructures.com/en/produits/installation-en/etirer-le-mur-3/
Attempts: 18 - Request URL: imagostructures.com/en/produits/32-yurt/yourte-de-luxe-vue-3-2-2/
Attempts: 19 - Request URL: imagostructures.com/produits/page/3/
Attempts: 20 - Request URL: imagostructures.com/en/produits/roof-tent/tentedetoit4-4-2/
Attempts: 21 - Request URL: imagostructures.com/en/produits/xo8-tent-2/tente-2-toile-2-2/
Attempts: 22 - Request URL: imagostructures.com/en/achievements/yourte-a-vendre-8-2/
Attempts: 23 - Request URL: imagostructures.com/en/produits/delivery-starting/livraison-2-2/
Attempts: 24 - Request URL: imagostructures.com/en/voile3-3-2/
Attempts: 25 - Request URL: imagostructures.com/en/produits/roof-tent/tentedetoit4-1-2/
Attempts: 26 - Request URL: imagostructures.com/en/produits/prospector-tent/tente-prospecteur-2/
Attempts: 27 - Request URL: imagostructures.com/en/produits/tent-glamp/glamp24-2/
Attempts: 28 - Request URL: imagostructures.com/produits/yourte-24/img_20141214_144059/
Attempts: 29 - Request URL: imagostructures.com/en/voile3-2-2/
Attempts: 30 - Request URL: imagostructures.com/en/produits/20-ft-yurt/unnamed-2-2-2/
Attempts: 31 - Request URL: imagostructures.com/en/produits/32-yurt/img_1720-2/
Attempts: 32 - Request URL: imagostructures.com/en/produits/20-ft-yurt/alfred2-2/
