Attempts: 1 - Request URL: imagostructures.com/produits/accessoire-1/poele-5/
Attempts: 2 - Request URL: imagostructures.com/produits/accessoire-1/poele-1-2/
Attempts: 3 - Request URL: imagostructures.com/produits/tente-prospecteur/nos-produits/
Attempts: 4 - Request URL: imagostructures.com/produits/livraison/nos-produits/
Attempts: 5 - Request URL: imagostructures.com/produits/tiny-yourte/nos-produits/
Attempts: 6 - Request URL: imagostructures.com/produits/installation/nos-produits/
Attempts: 7 - Request URL: imagostructures.com/produits/accessoire-1/poele-4/
Attempts: 8 - Request URL: imagostructures.com/produits/kit-dinstallation/nos-produits/
Attempts: 9 - Request URL: imagostructures.com/produits/voile-parc-aquatique/nos-produits/
Attempts: 10 - Request URL: imagostructures.com/produits/accessoire-1/nos-produits/
Attempts: 11 - Request URL: imagostructures.com/en/contact-us/martine@imagostructures.com
Attempts: 12 - Request URL: imagostructures.com/produits/yourte-28/nos-produits/
Attempts: 13 - Request URL: imagostructures.com/produits/tente-xo8/nos-produits/
Attempts: 14 - Request URL: imagostructures.com/produits/accessoire-1/poele-3/
Attempts: 15 - Request URL: imagostructures.com/produits/tente-xc-aventure/nos-produits/
Attempts: 16 - Request URL: imagostructures.com/produits/tente-glamp/nos-produits/
Attempts: 17 - Request URL: imagostructures.com/produits/tentagone/nos-produits/
Attempts: 18 - Request URL: imagostructures.com/produits/tente-xo4/nos-produits/
Attempts: 19 - Request URL: imagostructures.com/produits/accessoire-1/poele-6/
Attempts: 20 - Request URL: imagostructures.com/produits/voile-dombre-sur-mesure/nos-produits/
Attempts: 21 - Request URL: imagostructures.com/produits/yourte-32/nos-produits/
Attempts: 22 - Request URL: imagostructures.com/produits/voiles-dombre-residentiels/nos-produits/
Attempts: 23 - Request URL: imagostructures.com/produits/accessoire-1/poele-2/
Attempts: 24 - Request URL: imagostructures.com/produits/poele-pour-yourte/nos-produits/
Attempts: 25 - Request URL: imagostructures.com/produits/yourte-20/nos-produits/
