Attempts: 1 - Request URL: imagostructures.com/en/produits/24-yurt/img_20141214_144154-2/
Attempts: 2 - Request URL: imagostructures.com/en/produits/28-yurt/yourte28-1-2/
Attempts: 3 - Request URL: imagostructures.com/en/yourte-zoo-2/
Attempts: 4 - Request URL: imagostructures.com/en/voile2-3-2/
Attempts: 5 - Request URL: imagostructures.com/en/produits/16-ft-yurt-2/
Attempts: 6 - Request URL: imagostructures.com/en/yourteautomne-2/
Attempts: 7 - Request URL: imagostructures.com/en/produits/tentocto-2/tentocto_c-2/
Attempts: 8 - Request URL: imagostructures.com/produits/yourte-28/yourte28/
Attempts: 9 - Request URL: imagostructures.com/en/promotion/yourte16p-2/
Attempts: 10 - Request URL: imagostructures.com/le-sentier-les-murailles/yourteautomne/
Attempts: 11 - Request URL: imagostructures.com/en/produits/tent-glamp/glamp2-2/
Attempts: 12 - Request URL: imagostructures.com/en/produits/tent-glamp/glamp11-2/
Attempts: 13 - Request URL: imagostructures.com/wp-content/uploads/2016/10/voile-dombre-12x12-carre.jpg
Attempts: 14 - Request URL: imagostructures.com/en/produits/xo4-tent/dsc_5558-2/
Attempts: 15 - Request URL: imagostructures.com/en/produits/roof-tent/
Attempts: 16 - Request URL: imagostructures.com/en/imago/
Attempts: 17 - Request URL: imagostructures.com/produits/yourte-32/yourte-de-luxe-vue-3-2/
Attempts: 18 - Request URL: imagostructures.com/en/adventure-travel-world-summit-2016-in-alaska/
Attempts: 19 - Request URL: imagostructures.com/en/produits/roof-tent/tentedetoit4-2/
Attempts: 20 - Request URL: imagostructures.com/en/voile1-2/
Attempts: 21 - Request URL: imagostructures.com/en/tentexa_2-2/
Attempts: 22 - Request URL: imagostructures.com/produits/tiny-yourte/petephotographie-yourte_modif/
Attempts: 23 - Request URL: imagostructures.com/produits/tente-glamp/glamp23/
Attempts: 24 - Request URL: imagostructures.com/produits/yourte-20/photo-3-1/
Attempts: 25 - Request URL: imagostructures.com/demandez-une-soumission/
Attempts: 26 - Request URL: imagostructures.com/produits/yourte-24/alfredoscar3/
Attempts: 27 - Request URL: imagostructures.com/en/2013/09/
Attempts: 28 - Request URL: imagostructures.com/en/unclassified/
Attempts: 29 - Request URL: imagostructures.com/produits/yourte-28/yourte28-4-2/
Attempts: 30 - Request URL: imagostructures.com/en/tentexa_1-2/
Attempts: 31 - Request URL: imagostructures.com/en/produits/tent-glamp/glamp3-2/
Attempts: 32 - Request URL: imagostructures.com/produits/tente-xo4/dsc_5558/
Attempts: 33 - Request URL: imagostructures.com/produits/yourtes-16/g2/
Attempts: 34 - Request URL: imagostructures.com/produits/tente-glamp/glamp20/
Attempts: 35 - Request URL: imagostructures.com/produits/livraison/
Attempts: 36 - Request URL: imagostructures.com/en/produits/tiny-yurt/imago_13p-2/
Attempts: 37 - Request URL: imagostructures.com/produits/yourte-20/img_20150803_125416/
Attempts: 38 - Request URL: imagostructures.com/articles/page/4/
Attempts: 39 - Request URL: imagostructures.com/apropos/
Attempts: 40 - Request URL: imagostructures.com/en/produits/24-yurt/dscn1990/
Attempts: 41 - Request URL: imagostructures.com/en/produits/16-ft-yurt-2/g4-2/
Attempts: 42 - Request URL: imagostructures.com/produits/tente-glamp/glamp25-3/
Attempts: 43 - Request URL: imagostructures.com/en/produits/installation-en/etirer-le-mur-3/
Attempts: 44 - Request URL: imagostructures.com/en/2015/06/
Attempts: 45 - Request URL: imagostructures.com/en/yourte-de-luxe-vue-2-2/
Attempts: 46 - Request URL: imagostructures.com/en/produits/24-yurt/sentier-les-murailles-2/
Attempts: 47 - Request URL: imagostructures.com/en/2014/03/
Attempts: 48 - Request URL: imagostructures.com/produits/tente-glamp/glamp13/
Attempts: 49 - Request URL: imagostructures.com/genevieve/
Attempts: 50 - Request URL: imagostructures.com/en/xc3-2-2/
