05-09-2017 @ 09:24:29 - Generating payment form for order 27708. Notify URL: https://imagostructures.com/wc-api/WC_Gateway_Paypal/
05-09-2017 @ 09:24:29 - PayPal Request Args for order 27708: cmd=_cart&business=martine%40imagostructures.com&no_note=1&currency_code=CAD&charset=utf-8&rm=2&upload=1&return=https%3A%2F%2Fimagostructures.com%2Fcheckout%2Forder-received%2F27708%3Fkey%3Dwc_order_5911c30d0c956%26utm_nooverride%3D1&cancel_return=https%3A%2F%2Fimagostructures.com%2Fpanier%2F%3Fcancel_order%3Dtrue%26order%3Dwc_order_5911c30d0c956%26order_id%3D27708%26redirect&page_style=&paymentaction=sale&bn=WooThemes_Cart&invoice=WC-27708&custom=%7B%22order_id%22%3A27708%2C%22order_key%22%3A%22wc_order_5911c30d0c956%22%7D&notify_url=https%3A%2F%2Fimagostructures.com%2Fwc-api%2FWC_Gateway_Paypal%2F&first_name=Nicolas&last_name=Boivin&company=Test+Imago&address1=55%2C+rue+de+l%27%C3%89nergie&address2=&city=St-David-De-Falardeau&state=Qu%C3%A9bec&zip=G0V+1C0&country=CA&email=nicolas%40imagostructures.com&night_phone_a=581&night_phone_b=882&night_phone_c=1046&day_phone_a=581&day_phone_b=882&day_phone_c=1046&no_shipping=1&tax_cart=0.00&item_name_1=TEST&quantity_1=1&amount_1=2&item_number_1=&lc=fr
05-09-2017 @ 13:30:06 - Generating payment form for order 27712. Notify URL: https://imagostructures.com/wc-api/WC_Gateway_Paypal/
05-09-2017 @ 13:30:06 - PayPal Request Args for order 27712: cmd=_cart&business=martine%40imagostructures.com&no_note=1&currency_code=CAD&charset=utf-8&rm=2&upload=1&return=https%3A%2F%2Fimagostructures.com%2Fcheckout%2Forder-received%2F27712%3Fkey%3Dwc_order_5911fc9d9fff8%26utm_nooverride%3D1&cancel_return=https%3A%2F%2Fimagostructures.com%2Fpanier%2F%3Fcancel_order%3Dtrue%26order%3Dwc_order_5911fc9d9fff8%26order_id%3D27712%26redirect&page_style=&paymentaction=sale&bn=WooThemes_Cart&invoice=WC-27712&custom=%7B%22order_id%22%3A27712%2C%22order_key%22%3A%22wc_order_5911fc9d9fff8%22%7D&notify_url=https%3A%2F%2Fimagostructures.com%2Fwc-api%2FWC_Gateway_Paypal%2F&first_name=Nicolas&last_name=Boivin&company=Test+Imago&address1=55%2C+rue+de+l%27%C3%89nergie&address2=&city=St-David-De-Falardeau&state=Qu%C3%A9bec&zip=G0V+1C0&country=CA&email=nicolas%40imagostructures.com&night_phone_a=581&night_phone_b=882&night_phone_c=1046&day_phone_a=581&day_phone_b=882&day_phone_c=1046&no_shipping=1&tax_cart=0.00&item_name_1=TEST&quantity_1=1&amount_1=2&item_number_1=&lc=fr
05-09-2017 @ 13:31:45 - Checking IPN response is valid
05-09-2017 @ 13:31:46 - IPN Request: Array
(
    [body] => Array
        (
            [cmd] => _notify-validate
            [transaction_subject] => 
            [txn_type] => cart
            [payment_date] => 10:30:41 May 09, 2017 PDT
            [last_name] => Boivin
            [residence_country] => CA
            [pending_reason] => unilateral
            [payment_gross] => 
            [mc_currency] => CAD
            [payment_type] => instant
            [protection_eligibility] => Ineligible
            [num_cart_items] => 1
            [verify_sign] => A91o5bSW2hVnhMKjFXvmXVMoY7SXAAF93VLCII.pUNsQYaxl2lrt2s0w
            [payer_status] => verified
            [tax] => 0.00
            [payer_email] => boivinnicolas@hotmail.com
            [txn_id] => 2N3226084D1105731
            [receiver_email] => martine@imagostructures.com
            [first_name] => Nicolas
            [invoice] => WC-27712
            [payer_id] => RLF8X9524NCCE
            [payment_status] => Pending
            [mc_gross] => 2.00
            [custom] => {"order_id":27712,"order_key":"wc_order_5911fc9d9fff8"}
            [mc_gross_1] => 2.00
            [item_name1] => TEST
            [charset] => windows-1252
            [notify_version] => 3.8
            [item_number1] => 
            [quantity1] => 1
            [ipn_track_id] => 2c796befd9e08
        )

    [timeout] => 60
    [httpversion] => 1.1
    [compress] => 
    [decompress] => 
    [user-agent] => WooCommerce/2.6.14
)

05-09-2017 @ 13:31:46 - IPN Response: Array
(
    [headers] => Requests_Utility_CaseInsensitiveDictionary Object
        (
            [data:protected] => Array
                (
                    [server] => Apache
                    [x-frame-options] => SAMEORIGIN
                    [http_x_pp_az_locator] => dcg12.slc
                    [content-encoding] => gzip
                    [paypal-debug-id] => 80b0626ebdc6
                    [cache-control] => max-age=0, no-cache, no-store, must-revalidate
                    [pragma] => no-cache
                    [content-type] => text/html; charset=UTF-8
                    [dc] => ccg11-origin-www-2.paypal.com
                    [date] => Tue, 09 May 2017 17:30:45 GMT
                    [content-length] => 34
                    [vary] => Accept-Encoding
                    [set-cookie] => Array
                        (
                            [0] => cwrClyrK4LoCV1fydGbAxiNL6iG=s1JxXQVbY7pPxHqbF6QeK9TbFud9QtftKxeXdpwEFanojUzf6WIFvzHIfOXY_VqP4v2NC0vmNFaOe-MASV4epsxBXjy6jby1M4tLgomCUm98NC633qiZ19qfLRuRdNFx4n217x5PAO2vBmLyoN_qfXOU_6YQB6GkV5w0wwbk92m9iuXtv6POBq6e_GPHSt9tcYBQEAxiJ3RA9v9ev-2ET7YGjSwVw2Tc8wnGsGyZm_WG0DsVP5OdfMb20s4jDmQhG7aWY5UPsOCSE8xybCZ80c0SryRQb3ZXaVrtGEvpxbrLwR_AwTwHEHWq576cH5855gnnnhh7174lSAvLrG2IsrbxlV_UWUHS-gaetwuDA8V1pudaUw5QdZR_b7ZZWwMjcyyYTXzgwDCy-a0hXMTrb2gu1B_v2O5ulxJIMQWnoXOiXQtwnLOTC6q5vBC; domain=.paypal.com; path=/; Secure; HttpOnly
                            [1] => cookie_check=yes; expires=Fri, 07-May-2027 17:30:45 GMT; domain=.paypal.com; path=/; Secure; HttpOnly
                            [2] => navcmd=_notify-validate; domain=.paypal.com; path=/; Secure; HttpOnly
                            [3] => navlns=0.0; expires=Thu, 09-May-2019 17:30:45 GMT; domain=.paypal.com; path=/; Secure; HttpOnly
                            [4] => X-PP-SILOVER=name%3DLIVE5.WEB.1%26silo_version%3D880%26app%3Dappdispatcher%26TIME%3D3321631065%26HTTP_X_PP_AZ_LOCATOR%3Ddcg12.slc; Expires=Tue, 09 May 2017 18:00:45 GMT; domain=.paypal.com; path=/; Secure; HttpOnly
                            [5] => X-PP-SILOVER=; Expires=Thu, 01 Jan 1970 00:00:01 GMT
                            [6] => AKDC=ccg11-origin-www-2.paypal.com; expires=Tue, 09-May-2017 18:00:45 GMT; path=/; secure
                            [7] => akavpau_ppsd=1494351645~id=27d131dabab674dd671e23d2227cbd92; Path=/
                        )

                    [strict-transport-security] => max-age=63072000
                )

        )

    [body] => VERIFIED
    [response] => Array
        (
            [code] => 200
            [message] => OK
        )

    [cookies] => Array
        (
            [0] => WP_Http_Cookie Object
                (
                    [name] => cwrClyrK4LoCV1fydGbAxiNL6iG
                    [value] => s1JxXQVbY7pPxHqbF6QeK9TbFud9QtftKxeXdpwEFanojUzf6WIFvzHIfOXY_VqP4v2NC0vmNFaOe-MASV4epsxBXjy6jby1M4tLgomCUm98NC633qiZ19qfLRuRdNFx4n217x5PAO2vBmLyoN_qfXOU_6YQB6GkV5w0wwbk92m9iuXtv6POBq6e_GPHSt9tcYBQEAxiJ3RA9v9ev-2ET7YGjSwVw2Tc8wnGsGyZm_WG0DsVP5OdfMb20s4jDmQhG7aWY5UPsOCSE8xybCZ80c0SryRQb3ZXaVrtGEvpxbrLwR_AwTwHEHWq576cH5855gnnnhh7174lSAvLrG2IsrbxlV_UWUHS-gaetwuDA8V1pudaUw5QdZR_b7ZZWwMjcyyYTXzgwDCy-a0hXMTrb2gu1B_v2O5ulxJIMQWnoXOiXQtwnLOTC6q5vBC
                    [expires] => 
                    [path] => /
                    [domain] => paypal.com
                )

            [1] => WP_Http_Cookie Object
                (
                    [name] => cookie_check
                    [value] => yes
                    [expires] => 1809711045
                    [path] => /
                    [domain] => paypal.com
                )

            [2] => WP_Http_Cookie Object
                (
                    [name] => navcmd
                    [value] => _notify-validate
                    [expires] => 
                    [path] => /
                    [domain] => paypal.com
                )

            [3] => WP_Http_Cookie Object
                (
                    [name] => navlns
                    [value] => 0.0
                    [expires] => 1557423045
                    [path] => /
                    [domain] => paypal.com
                )

            [4] => WP_Http_Cookie Object
                (
                    [name] => X-PP-SILOVER
                    [value] => 
                    [expires] => 1
                    [path] => /cgi-bin
                    [domain] => www.paypal.com
                )

            [5] => WP_Http_Cookie Object
                (
                    [name] => AKDC
                    [value] => ccg11-origin-www-2.paypal.com
                    [expires] => 1494352845
                    [path] => /
                    [domain] => www.paypal.com
                )

            [6] => WP_Http_Cookie Object
                (
                    [name] => akavpau_ppsd
                    [value] => 1494351645~id=27d131dabab674dd671e23d2227cbd92
                    [expires] => 
                    [path] => /
                    [domain] => www.paypal.com
                )

        )

    [filename] => 
    [http_response] => WP_HTTP_Requests_Response Object
        (
            [response:protected] => Requests_Response Object
                (
                    [body] => VERIFIED
                    [raw] => HTTP/1.1 200 OK
Server: Apache
X-Frame-Options: SAMEORIGIN
HTTP_X_PP_AZ_LOCATOR: dcg12.slc
Content-Encoding: gzip
Paypal-Debug-Id: 80b0626ebdc6
Cache-Control: max-age=0, no-cache, no-store, must-revalidate
Pragma: no-cache
Content-Type: text/html; charset=UTF-8
DC: ccg11-origin-www-2.paypal.com
Date: Tue, 09 May 2017 17:30:45 GMT
Content-Length: 34
Connection: close
Vary: Accept-Encoding
Set-Cookie: cwrClyrK4LoCV1fydGbAxiNL6iG=s1JxXQVbY7pPxHqbF6QeK9TbFud9QtftKxeXdpwEFanojUzf6WIFvzHIfOXY_VqP4v2NC0vmNFaOe-MASV4epsxBXjy6jby1M4tLgomCUm98NC633qiZ19qfLRuRdNFx4n217x5PAO2vBmLyoN_qfXOU_6YQB6GkV5w0wwbk92m9iuXtv6POBq6e_GPHSt9tcYBQEAxiJ3RA9v9ev-2ET7YGjSwVw2Tc8wnGsGyZm_WG0DsVP5OdfMb20s4jDmQhG7aWY5UPsOCSE8xybCZ80c0SryRQb3ZXaVrtGEvpxbrLwR_AwTwHEHWq576cH5855gnnnhh7174lSAvLrG2IsrbxlV_UWUHS-gaetwuDA8V1pudaUw5QdZR_b7ZZWwMjcyyYTXzgwDCy-a0hXMTrb2gu1B_v2O5ulxJIMQWnoXOiXQtwnLOTC6q5vBC; domain=.paypal.com; path=/; Secure; HttpOnly
Set-Cookie: cookie_check=yes; expires=Fri, 07-May-2027 17:30:45 GMT; domain=.paypal.com; path=/; Secure; HttpOnly
Set-Cookie: navcmd=_notify-validate; domain=.paypal.com; path=/; Secure; HttpOnly
Set-Cookie: navlns=0.0; expires=Thu, 09-May-2019 17:30:45 GMT; domain=.paypal.com; path=/; Secure; HttpOnly
Set-Cookie: X-PP-SILOVER=name%3DLIVE5.WEB.1%26silo_version%3D880%26app%3Dappdispatcher%26TIME%3D3321631065%26HTTP_X_PP_AZ_LOCATOR%3Ddcg12.slc; Expires=Tue, 09 May 2017 18:00:45 GMT; domain=.paypal.com; path=/; Secure; HttpOnly
Set-Cookie: X-PP-SILOVER=; Expires=Thu, 01 Jan 1970 00:00:01 GMT
Set-Cookie: AKDC=ccg11-origin-www-2.paypal.com; expires=Tue, 09-May-2017 18:00:45 GMT; path=/; secure
Set-Cookie: akavpau_ppsd=1494351645~id=27d131dabab674dd671e23d2227cbd92; Path=/
Strict-Transport-Security: max-age=63072000

VERIFIED
                    [headers] => Requests_Response_Headers Object
                        (
                            [data:protected] => Array
                                (
                                    [server] => Array
                                        (
                                            [0] => Apache
                                        )

                                    [x-frame-options] => Array
                                        (
                                            [0] => SAMEORIGIN
                                        )

                                    [http_x_pp_az_locator] => Array
                                        (
                                            [0] => dcg12.slc
                                        )

                                    [content-encoding] => Array
                                        (
                                            [0] => gzip
                                        )

                                    [paypal-debug-id] => Array
                                        (
                                            [0] => 80b0626ebdc6
                                        )

                                    [cache-control] => Array
                                        (
                                            [0] => max-age=0, no-cache, no-store, must-revalidate
                                        )

                                    [pragma] => Array
                                        (
                                            [0] => no-cache
                                        )

                                    [content-type] => Array
                                        (
                                            [0] => text/html; charset=UTF-8
                                        )

                                    [dc] => Array
                                        (
                                            [0] => ccg11-origin-www-2.paypal.com
                                        )

                                    [date] => Array
                                        (
                                            [0] => Tue, 09 May 2017 17:30:45 GMT
                                        )

                                    [content-length] => Array
                                        (
                                            [0] => 34
                                        )

                                    [vary] => Array
                                        (
                                            [0] => Accept-Encoding
                                        )

                                    [set-cookie] => Array
                                        (
                                            [0] => cwrClyrK4LoCV1fydGbAxiNL6iG=s1JxXQVbY7pPxHqbF6QeK9TbFud9QtftKxeXdpwEFanojUzf6WIFvzHIfOXY_VqP4v2NC0vmNFaOe-MASV4epsxBXjy6jby1M4tLgomCUm98NC633qiZ19qfLRuRdNFx4n217x5PAO2vBmLyoN_qfXOU_6YQB6GkV5w0wwbk92m9iuXtv6POBq6e_GPHSt9tcYBQEAxiJ3RA9v9ev-2ET7YGjSwVw2Tc8wnGsGyZm_WG0DsVP5OdfMb20s4jDmQhG7aWY5UPsOCSE8xybCZ80c0SryRQb3ZXaVrtGEvpxbrLwR_AwTwHEHWq576cH5855gnnnhh7174lSAvLrG2IsrbxlV_UWUHS-gaetwuDA8V1pudaUw5QdZR_b7ZZWwMjcyyYTXzgwDCy-a0hXMTrb2gu1B_v2O5ulxJIMQWnoXOiXQtwnLOTC6q5vBC; domain=.paypal.com; path=/; Secure; HttpOnly
                                            [1] => cookie_check=yes; expires=Fri, 07-May-2027 17:30:45 GMT; domain=.paypal.com; path=/; Secure; HttpOnly
                                            [2] => navcmd=_notify-validate; domain=.paypal.com; path=/; Secure; HttpOnly
                                            [3] => navlns=0.0; expires=Thu, 09-May-2019 17:30:45 GMT; domain=.paypal.com; path=/; Secure; HttpOnly
                                            [4] => X-PP-SILOVER=name%3DLIVE5.WEB.1%26silo_version%3D880%26app%3Dappdispatcher%26TIME%3D3321631065%26HTTP_X_PP_AZ_LOCATOR%3Ddcg12.slc; Expires=Tue, 09 May 2017 18:00:45 GMT; domain=.paypal.com; path=/; Secure; HttpOnly
                                            [5] => X-PP-SILOVER=; Expires=Thu, 01 Jan 1970 00:00:01 GMT
                                            [6] => AKDC=ccg11-origin-www-2.paypal.com; expires=Tue, 09-May-2017 18:00:45 GMT; path=/; secure
                                            [7] => akavpau_ppsd=1494351645~id=27d131dabab674dd671e23d2227cbd92; Path=/
                                        )

                                    [strict-transport-security] => Array
                                        (
                                            [0] => max-age=63072000
                                        )

                                )

                        )

                    [status_code] => 200
                    [protocol_version] => 1.1
                    [success] => 1
                    [redirects] => 0
                    [url] => https://www.paypal.com/cgi-bin/webscr
                    [history] => Array
                        (
                        )

                    [cookies] => Requests_Cookie_Jar Object
                        (
                            [cookies:protected] => Array
                                (
                                    [cwrClyrK4LoCV1fydGbAxiNL6iG] => Requests_Cookie Object
                                        (
                                            [name] => cwrClyrK4LoCV1fydGbAxiNL6iG
                                            [value] => s1JxXQVbY7pPxHqbF6QeK9TbFud9QtftKxeXdpwEFanojUzf6WIFvzHIfOXY_VqP4v2NC0vmNFaOe-MASV4epsxBXjy6jby1M4tLgomCUm98NC633qiZ19qfLRuRdNFx4n217x5PAO2vBmLyoN_qfXOU_6YQB6GkV5w0wwbk92m9iuXtv6POBq6e_GPHSt9tcYBQEAxiJ3RA9v9ev-2ET7YGjSwVw2Tc8wnGsGyZm_WG0DsVP5OdfMb20s4jDmQhG7aWY5UPsOCSE8xybCZ80c0SryRQb3ZXaVrtGEvpxbrLwR_AwTwHEHWq576cH5855gnnnhh7174lSAvLrG2IsrbxlV_UWUHS-gaetwuDA8V1pudaUw5QdZR_b7ZZWwMjcyyYTXzgwDCy-a0hXMTrb2gu1B_v2O5ulxJIMQWnoXOiXQtwnLOTC6q5vBC
                                            [attributes] => Requests_Utility_CaseInsensitiveDictionary Object
                                                (
                                                    [data:protected] => Array
                                                        (
                                                            [domain] => paypal.com
                                                            [path] => /
                                                            [secure] => 1
                                                            [httponly] => 1
                                                        )

                                                )

                                            [flags] => Array
                                                (
                                                    [creation] => 1494351106
                                                    [last-access] => 1494351106
                                                    [persistent] => 
                                                    [host-only] => 
                                                )

                                            [reference_time] => 1494351106
                                        )

                                    [cookie_check] => Requests_Cookie Object
                                        (
                                            [name] => cookie_check
                                            [value] => yes
                                            [attributes] => Requests_Utility_CaseInsensitiveDictionary Object
                                                (
                                                    [data:protected] => Array
                                                        (
                                                            [expires] => 1809711045
                                                            [domain] => paypal.com
                                                            [path] => /
                                                            [secure] => 1
                                                            [httponly] => 1
                                                        )

                                                )

                                            [flags] => Array
                                                (
                                                    [creation] => 1494351106
                                                    [last-access] => 1494351106
                                                    [persistent] => 
                                                    [host-only] => 
                                                )

                                            [reference_time] => 1494351106
                                        )

                                    [navcmd] => Requests_Cookie Object
                                        (
                                            [name] => navcmd
                                            [value] => _notify-validate
                                            [attributes] => Requests_Utility_CaseInsensitiveDictionary Object
                                                (
                                                    [data:protected] => Array
                                                        (
                                                            [domain] => paypal.com
                                                            [path] => /
                                                            [secure] => 1
                                                            [httponly] => 1
                                                        )

                                                )

                                            [flags] => Array
                                                (
                                                    [creation] => 1494351106
                                                    [last-access] => 1494351106
                                                    [persistent] => 
                                                    [host-only] => 
                                                )

                                            [reference_time] => 1494351106
                                        )

                                    [navlns] => Requests_Cookie Object
                                        (
                                            [name] => navlns
                                            [value] => 0.0
                                            [attributes] => Requests_Utility_CaseInsensitiveDictionary Object
                                                (
                                                    [data:protected] => Array
                                                        (
                                                            [expires] => 1557423045
                                                            [domain] => paypal.com
                                                            [path] => /
                                                            [secure] => 1
                                                            [httponly] => 1
                                                        )

                                                )

                                            [flags] => Array
                                                (
                                                    [creation] => 1494351106
                                                    [last-access] => 1494351106
                                                    [persistent] => 
                                                    [host-only] => 
                                                )

                                            [reference_time] => 1494351106
                                        )

                                    [X-PP-SILOVER] => Requests_Cookie Object
                                        (
                                            [name] => X-PP-SILOVER
                                            [value] => 
                                            [attributes] => Requests_Utility_CaseInsensitiveDictionary Object
                                                (
                                                    [data:protected] => Array
                                                        (
                                                            [expires] => 1
                                                            [domain] => www.paypal.com
                                                            [path] => /cgi-bin
                                                        )

                                                )

                                            [flags] => Array
                                                (
                                                    [creation] => 1494351106
                                                    [last-access] => 1494351106
                                                    [persistent] => 
                                                    [host-only] => 1
                                                )

                                            [reference_time] => 1494351106
                                        )

                                    [AKDC] => Requests_Cookie Object
                                        (
                                            [name] => AKDC
                                            [value] => ccg11-origin-www-2.paypal.com
                                            [attributes] => Requests_Utility_CaseInsensitiveDictionary Object
                                                (
                                                    [data:protected] => Array
                                                        (
                                                            [expires] => 1494352845
                                                            [path] => /
                                                            [secure] => 1
                                                            [domain] => www.paypal.com
                                                        )

                                                )

                                            [flags] => Array
                                                (
                                                    [creation] => 1494351106
                                                    [last-access] => 1494351106
                                                    [persistent] => 
                                                    [host-only] => 1
                                                )

                                            [reference_time] => 1494351106
                                        )

                                    [akavpau_ppsd] => Requests_Cookie Object
                                        (
                                            [name] => akavpau_ppsd
                                            [value] => 1494351645~id=27d131dabab674dd671e23d2227cbd92
                                            [attributes] => Requests_Utility_CaseInsensitiveDictionary Object
                                                (
                                                    [data:protected] => Array
                                                        (
                                                            [path] => /
                                                            [domain] => www.paypal.com
                                                        )

                                                )

                                            [flags] => Array
                                                (
                                                    [creation] => 1494351106
                                                    [last-access] => 1494351106
                                                    [persistent] => 
                                                    [host-only] => 1
                                                )

                                            [reference_time] => 1494351106
                                        )

                                )

                        )

                )

            [filename:protected] => 
            [data] => 
            [headers] => 
            [status] => 
        )

)

05-09-2017 @ 13:31:46 - Received valid response from PayPal
05-09-2017 @ 13:31:46 - Found order #27712
05-09-2017 @ 13:31:46 - Payment status: pending
